<?xml version="1.0" ?>
<coverage branch-rate="0.646" line-rate="0.7377" timestamp="1448551873556" version="4.0.3">
	<!-- Generated by coverage.py: https://coverage.readthedocs.org -->
	<!-- Based on https://raw.githubusercontent.com/cobertura/web/f0366e5e2cf18f111cbd61fc34ef720a6584ba02/htdocs/xml/coverage-03.dtd -->
	<sources>
		<source>/Users/shawnaxsom/dev/qutebrowser</source>
		<source>/Users/shawnaxsom/dev/qutebrowser/qutebrowser</source>
	</sources>
	<packages>
		<package branch-rate="0.4417" complexity="0" line-rate="0.6816" name="qutebrowser">
			<classes>
				<class branch-rate="0.4474" complexity="0" filename="qutebrowser/app.py" line-rate="0.6611" name="app.py">
					<methods/>
					<lines>
						<line hits="1" number="20"/>
						<line hits="1" number="22"/>
						<line hits="1" number="23"/>
						<line hits="1" number="24"/>
						<line hits="1" number="25"/>
						<line hits="1" number="26"/>
						<line hits="1" number="27"/>
						<line hits="1" number="28"/>
						<line hits="1" number="29"/>
						<line hits="1" number="30"/>
						<line hits="1" number="31"/>
						<line hits="1" number="32"/>
						<line hits="1" number="34"/>
						<line hits="1" number="35"/>
						<line hits="1" number="36"/>
						<line hits="1" number="37"/>
						<line hits="1" number="39"/>
						<line hits="1" number="40"/>
						<line hits="1" number="41"/>
						<line hits="1" number="42"/>
						<line hits="1" number="44"/>
						<line hits="1" number="45"/>
						<line hits="1" number="46"/>
						<line hits="1" number="47"/>
						<line hits="1" number="48"/>
						<line hits="1" number="49"/>
						<line hits="1" number="50"/>
						<line hits="1" number="51"/>
						<line hits="1" number="52"/>
						<line hits="1" number="53"/>
						<line hits="1" number="54"/>
						<line hits="1" number="59"/>
						<line hits="1" number="62"/>
						<line branch="true" condition-coverage="50% (1/2)" hits="1" missing-branches="66" number="65"/>
						<line hits="0" number="66"/>
						<line hits="0" number="67"/>
						<line hits="0" number="68"/>
						<line hits="0" number="69"/>
						<line hits="0" number="70"/>
						<line hits="0" number="71"/>
						<line hits="0" number="72"/>
						<line branch="true" condition-coverage="50% (1/2)" hits="1" missing-branches="77" number="74"/>
						<line hits="1" number="75"/>
						<line hits="1" number="77"/>
						<line hits="1" number="78"/>
						<line hits="1" number="81"/>
						<line hits="1" number="82"/>
						<line hits="1" number="83"/>
						<line hits="1" number="84"/>
						<line hits="1" number="85"/>
						<line hits="1" number="87"/>
						<line hits="1" number="89"/>
						<line hits="1" number="90"/>
						<line hits="1" number="92"/>
						<line hits="1" number="94"/>
						<line hits="1" number="95"/>
						<line hits="1" number="97"/>
						<line hits="1" number="98"/>
						<line hits="0" number="99"/>
						<line hits="0" number="102"/>
						<line branch="true" condition-coverage="50% (1/2)" hits="1" missing-branches="105" number="104"/>
						<line hits="0" number="105"/>
						<line branch="true" condition-coverage="100% (2/2)" hits="1" number="107"/>
						<line hits="1" number="111"/>
						<line hits="1" number="112"/>
						<line hits="1" number="113"/>
						<line hits="1" number="116"/>
						<line hits="1" number="122"/>
						<line hits="1" number="125"/>
						<line hits="1" number="132"/>
						<line hits="1" number="133"/>
						<line hits="1" number="134"/>
						<line hits="1" number="135"/>
						<line hits="1" number="137"/>
						<line hits="1" number="138"/>
						<line hits="0" number="139"/>
						<line hits="0" number="140"/>
						<line hits="0" number="142"/>
						<line hits="1" number="144"/>
						<line hits="1" number="145"/>
						<line hits="1" number="147"/>
						<line hits="1" number="148"/>
						<line hits="1" number="149"/>
						<line hits="1" number="150"/>
						<line hits="1" number="152"/>
						<line hits="1" number="153"/>
						<line hits="1" number="154"/>
						<line hits="1" number="155"/>
						<line hits="1" number="156"/>
						<line hits="1" number="158"/>
						<line hits="1" number="159"/>
						<line hits="1" number="160"/>
						<line hits="1" number="162"/>
						<line hits="1" number="163"/>
						<line hits="1" number="166"/>
						<line hits="1" number="168"/>
						<line branch="true" condition-coverage="100% (2/2)" hits="1" number="169"/>
						<line hits="1" number="170"/>
						<line hits="1" number="171"/>
						<line hits="1" number="172"/>
						<line hits="1" number="173"/>
						<line hits="1" number="174"/>
						<line hits="1" number="175"/>
						<line hits="1" number="178"/>
						<line hits="1" number="180"/>
						<line branch="true" condition-coverage="50% (1/2)" hits="1" missing-branches="182" number="181"/>
						<line hits="0" number="182"/>
						<line hits="0" number="183"/>
						<line hits="0" number="184"/>
						<line hits="0" number="185"/>
						<line branch="true" condition-coverage="50% (1/2)" hits="1" missing-branches="190" number="188"/>
						<line hits="1" number="189"/>
						<line hits="1" number="190"/>
						<line branch="true" condition-coverage="50% (1/2)" hits="1" missing-branches="198" number="191"/>
						<line hits="1" number="192"/>
						<line hits="1" number="193"/>
						<line branch="true" condition-coverage="100% (2/2)" hits="1" number="194"/>
						<line hits="1" number="195"/>
						<line hits="1" number="196"/>
						<line hits="1" number="198"/>
						<line hits="1" number="199"/>
						<line hits="1" number="200"/>
						<line hits="1" number="203"/>
						<line hits="1" number="209"/>
						<line branch="true" condition-coverage="50% (1/2)" hits="1" missing-branches="217" number="210"/>
						<line hits="1" number="211"/>
						<line hits="1" number="212"/>
						<line hits="1" number="213"/>
						<line hits="1" number="216"/>
						<line hits="0" number="217"/>
						<line hits="0" number="218"/>
						<line hits="0" number="219"/>
						<line hits="0" number="220"/>
						<line hits="0" number="221"/>
						<line hits="0" number="222"/>
						<line hits="0" number="223"/>
						<line hits="0" number="225"/>
						<line hits="0" number="226"/>
						<line hits="0" number="227"/>
						<line hits="0" number="228"/>
						<line branch="true" condition-coverage="0% (0/2)" hits="0" missing-branches="exit,231" number="230"/>
						<line hits="0" number="231"/>
						<line hits="1" number="234"/>
						<line branch="true" condition-coverage="50% (1/2)" hits="1" missing-branches="253" number="252"/>
						<line hits="0" number="253"/>
						<line hits="0" number="254"/>
						<line hits="0" number="255"/>
						<line hits="1" number="256"/>
						<line branch="true" condition-coverage="100% (2/2)" hits="1" number="257"/>
						<line branch="true" condition-coverage="100% (2/2)" hits="1" number="258"/>
						<line branch="true" condition-coverage="100% (2/2)" hits="1" number="259"/>
						<line hits="1" number="260"/>
						<line hits="1" number="261"/>
						<line hits="1" number="262"/>
						<line hits="1" number="263"/>
						<line branch="true" condition-coverage="50% (1/2)" hits="1" missing-branches="265" number="264"/>
						<line hits="0" number="265"/>
						<line hits="0" number="266"/>
						<line branch="true" condition-coverage="50% (1/2)" hits="1" missing-branches="269" number="268"/>
						<line hits="0" number="269"/>
						<line hits="1" number="271"/>
						<line hits="1" number="272"/>
						<line hits="1" number="273"/>
						<line hits="1" number="275"/>
						<line hits="1" number="276"/>
						<line hits="1" number="277"/>
						<line hits="0" number="278"/>
						<line hits="0" number="279"/>
						<line hits="1" number="282"/>
						<line hits="1" number="283"/>
						<line hits="1" number="286"/>
						<line branch="true" condition-coverage="50% (1/2)" hits="1" missing-branches="296" number="295"/>
						<line hits="0" number="296"/>
						<line hits="1" number="298"/>
						<line branch="true" condition-coverage="100% (2/2)" hits="1" number="299"/>
						<line hits="1" number="300"/>
						<line branch="true" condition-coverage="50% (1/2)" hits="1" missing-branches="303" number="302"/>
						<line hits="0" number="303"/>
						<line branch="true" condition-coverage="0% (0/2)" hits="0" missing-branches="299,305" number="304"/>
						<line hits="0" number="305"/>
						<line hits="0" number="306"/>
						<line hits="0" number="307"/>
						<line hits="0" number="308"/>
						<line hits="0" number="310"/>
						<line hits="0" number="312"/>
						<line hits="1" number="315"/>
						<line branch="true" condition-coverage="50% (1/2)" hits="1" missing-branches="324" number="321"/>
						<line hits="1" number="323"/>
						<line hits="0" number="324"/>
						<line hits="0" number="325"/>
						<line hits="0" number="326"/>
						<line hits="0" number="327"/>
						<line hits="0" number="328"/>
						<line branch="true" condition-coverage="0% (0/2)" hits="0" missing-branches="exit,330" number="329"/>
						<line hits="0" number="330"/>
						<line hits="0" number="332"/>
						<line hits="0" number="334"/>
						<line hits="1" number="337"/>
						<line hits="1" number="339"/>
						<line hits="1" number="340"/>
						<line hits="1" number="343"/>
						<line branch="true" condition-coverage="100% (2/2)" hits="1" number="345"/>
						<line hits="1" number="346"/>
						<line hits="1" number="348"/>
						<line branch="true" condition-coverage="100% (2/2)" hits="1" number="349"/>
						<line hits="1" number="350"/>
						<line hits="1" number="351"/>
						<line hits="1" number="352"/>
						<line hits="1" number="353"/>
						<line hits="1" number="354"/>
						<line hits="1" number="356"/>
						<line hits="1" number="357"/>
						<line hits="1" number="360"/>
						<line hits="0" number="363"/>
						<line hits="0" number="364"/>
						<line hits="0" number="366"/>
						<line hits="1" number="369"/>
						<line branch="true" condition-coverage="50% (1/2)" hits="1" missing-branches="373" number="372"/>
						<line branch="true" condition-coverage="0% (0/2)" hits="0" missing-branches="374,375" number="373"/>
						<line hits="0" number="374"/>
						<line hits="0" number="375"/>
						<line hits="1" number="377"/>
						<line hits="1" number="380"/>
						<line hits="1" number="388"/>
						<line hits="1" number="389"/>
						<line hits="1" number="390"/>
						<line hits="1" number="391"/>
						<line hits="1" number="392"/>
						<line hits="1" number="393"/>
						<line hits="1" number="394"/>
						<line hits="1" number="395"/>
						<line hits="1" number="396"/>
						<line hits="1" number="397"/>
						<line hits="1" number="398"/>
						<line hits="1" number="399"/>
						<line hits="1" number="400"/>
						<line hits="1" number="401"/>
						<line hits="1" number="402"/>
						<line hits="1" number="403"/>
						<line hits="1" number="404"/>
						<line branch="true" condition-coverage="50% (1/2)" hits="1" missing-branches="406" number="405"/>
						<line hits="0" number="406"/>
						<line hits="1" number="407"/>
						<line hits="1" number="408"/>
						<line hits="1" number="409"/>
						<line hits="1" number="410"/>
						<line hits="1" number="411"/>
						<line hits="1" number="412"/>
						<line hits="1" number="413"/>
						<line hits="1" number="414"/>
						<line hits="1" number="415"/>
						<line hits="1" number="416"/>
						<line hits="1" number="417"/>
						<line hits="1" number="418"/>
						<line hits="1" number="419"/>
						<line hits="1" number="420"/>
						<line hits="1" number="421"/>
						<line hits="1" number="422"/>
						<line hits="1" number="423"/>
						<line hits="1" number="424"/>
						<line hits="1" number="425"/>
						<line hits="1" number="426"/>
						<line hits="1" number="427"/>
						<line hits="1" number="428"/>
						<line hits="1" number="429"/>
						<line hits="1" number="430"/>
						<line hits="1" number="431"/>
						<line hits="1" number="432"/>
						<line hits="1" number="433"/>
						<line hits="1" number="434"/>
						<line branch="true" condition-coverage="50% (1/2)" hits="1" missing-branches="436" number="435"/>
						<line hits="0" number="436"/>
						<line hits="1" number="438"/>
						<line hits="1" number="439"/>
						<line hits="1" number="440"/>
						<line hits="1" number="443"/>
						<line hits="1" number="445"/>
						<line hits="1" number="446"/>
						<line hits="1" number="447"/>
						<line hits="1" number="448"/>
						<line hits="1" number="449"/>
						<line hits="1" number="450"/>
						<line hits="1" number="451"/>
						<line hits="1" number="452"/>
						<line hits="1" number="453"/>
						<line hits="0" number="454"/>
						<line hits="0" number="455"/>
						<line hits="0" number="457"/>
						<line hits="1" number="460"/>
						<line hits="1" number="470"/>
						<line hits="1" number="471"/>
						<line hits="1" number="476"/>
						<line hits="1" number="477"/>
						<line hits="1" number="479"/>
						<line hits="1" number="482"/>
						<line hits="1" number="484"/>
						<line branch="true" condition-coverage="0% (0/2)" hits="0" missing-branches="488,489" number="486"/>
						<line hits="0" number="488"/>
						<line branch="true" condition-coverage="0% (0/2)" hits="0" missing-branches="490,492" number="489"/>
						<line hits="0" number="490"/>
						<line hits="0" number="492"/>
						<line branch="true" condition-coverage="0% (0/2)" hits="0" missing-branches="495,497" number="493"/>
						<line hits="0" number="495"/>
						<line branch="true" condition-coverage="0% (0/2)" hits="0" missing-branches="exit,498" number="497"/>
						<line branch="true" condition-coverage="0% (0/2)" hits="0" missing-branches="497,499" number="498"/>
						<line branch="true" condition-coverage="0% (0/2)" hits="0" missing-branches="498,500" number="499"/>
						<line hits="0" number="500"/>
						<line hits="0" number="501"/>
						<line hits="1" number="503"/>
						<line branch="true" condition-coverage="0% (0/2)" hits="0" missing-branches="517,519" number="515"/>
						<line hits="0" number="517"/>
						<line hits="0" number="518"/>
						<line branch="true" condition-coverage="0% (0/2)" hits="0" missing-branches="520,523" number="519"/>
						<line hits="0" number="520"/>
						<line hits="0" number="521"/>
						<line hits="0" number="523"/>
						<line hits="0" number="524"/>
						<line branch="true" condition-coverage="0% (0/2)" hits="0" missing-branches="530,533" number="526"/>
						<line hits="0" number="530"/>
						<line hits="0" number="533"/>
						<line branch="true" condition-coverage="0% (0/2)" hits="0" missing-branches="535,542" number="534"/>
						<line hits="0" number="535"/>
						<line hits="0" number="536"/>
						<line hits="0" number="542"/>
						<line hits="0" number="543"/>
						<line hits="0" number="544"/>
						<line hits="0" number="545"/>
						<line hits="0" number="546"/>
						<line branch="true" condition-coverage="0% (0/2)" hits="0" missing-branches="549,552" number="548"/>
						<line hits="0" number="549"/>
						<line hits="0" number="550"/>
						<line hits="0" number="552"/>
						<line hits="0" number="553"/>
						<line hits="0" number="555"/>
						<line hits="0" number="556"/>
						<line hits="0" number="558"/>
						<line hits="0" number="559"/>
						<line hits="0" number="561"/>
						<line hits="1" number="563"/>
						<line hits="0" number="566"/>
						<line hits="0" number="567"/>
						<line hits="0" number="568"/>
						<line hits="0" number="569"/>
						<line hits="0" number="570"/>
						<line hits="0" number="571"/>
						<line hits="0" number="572"/>
						<line hits="0" number="573"/>
						<line branch="true" condition-coverage="0% (0/2)" hits="0" missing-branches="exit,576" number="575"/>
						<line hits="0" number="576"/>
						<line hits="1" number="578"/>
						<line hits="0" number="595"/>
						<line hits="0" number="596"/>
						<line hits="0" number="597"/>
						<line hits="0" number="598"/>
						<line hits="0" number="599"/>
						<line branch="true" condition-coverage="0% (0/2)" hits="0" missing-branches="602,605" number="601"/>
						<line hits="0" number="602"/>
						<line hits="0" number="603"/>
						<line hits="0" number="605"/>
						<line hits="0" number="606"/>
						<line branch="true" condition-coverage="0% (0/2)" hits="0" missing-branches="608,610" number="607"/>
						<line hits="0" number="608"/>
						<line hits="0" number="610"/>
						<line hits="0" number="611"/>
						<line hits="0" number="612"/>
						<line hits="0" number="613"/>
						<line hits="0" number="615"/>
						<line hits="1" number="617"/>
						<line hits="1" number="619"/>
						<line branch="true" condition-coverage="100% (2/2)" hits="1" number="628"/>
						<line hits="1" number="629"/>
						<line hits="1" number="630"/>
						<line hits="1" number="631"/>
						<line hits="1" number="634"/>
						<line branch="true" condition-coverage="50% (1/2)" hits="1" missing-branches="636" number="635"/>
						<line hits="0" number="636"/>
						<line branch="true" condition-coverage="50% (1/2)" hits="1" missing-branches="639" number="638"/>
						<line hits="0" number="639"/>
						<line hits="1" number="642"/>
						<line branch="true" condition-coverage="100% (2/2)" hits="1" number="643"/>
						<line hits="1" number="644"/>
						<line branch="true" condition-coverage="50% (1/2)" hits="1" missing-branches="647" number="646"/>
						<line hits="0" number="647"/>
						<line branch="true" condition-coverage="50% (1/2)" hits="1" missing-branches="654" number="648"/>
						<line hits="0" number="654"/>
						<line hits="0" number="656"/>
						<line hits="1" number="660"/>
						<line hits="1" number="662"/>
						<line hits="1" number="664"/>
						<line branch="true" condition-coverage="50% (1/2)" hits="1" missing-branches="667" number="665"/>
						<line hits="0" number="667"/>
						<line hits="1" number="669"/>
						<line hits="1" number="670"/>
						<line hits="1" number="671"/>
						<line hits="0" number="672"/>
						<line hits="0" number="673"/>
						<line hits="1" number="675"/>
						<line hits="1" number="677"/>
						<line hits="1" number="678"/>
						<line hits="0" number="679"/>
						<line hits="0" number="680"/>
						<line hits="1" number="682"/>
						<line hits="1" number="683"/>
						<line hits="0" number="684"/>
						<line hits="0" number="685"/>
						<line branch="true" condition-coverage="100% (2/2)" hits="1" number="688"/>
						<line hits="1" number="689"/>
						<line hits="1" number="690"/>
						<line hits="0" number="691"/>
						<line hits="0" number="692"/>
						<line hits="1" number="696"/>
						<line hits="1" number="697"/>
						<line hits="1" number="698"/>
						<line hits="1" number="700"/>
						<line hits="1" number="701"/>
						<line branch="true" condition-coverage="50% (1/2)" hits="1" missing-branches="707" number="703"/>
						<line hits="1" number="704"/>
						<line hits="1" number="707"/>
						<line hits="1" number="708"/>
						<line hits="1" number="710"/>
						<line hits="1" number="711"/>
						<line hits="1" number="714"/>
						<line hits="1" number="716"/>
						<line hits="1" number="718"/>
						<line hits="0" number="724"/>
						<line hits="1" number="727"/>
						<line hits="1" number="735"/>
						<line hits="1" number="741"/>
						<line hits="1" number="742"/>
						<line hits="1" number="743"/>
						<line hits="1" number="745"/>
						<line hits="1" number="747"/>
						<line hits="1" number="748"/>
						<line hits="1" number="749"/>
						<line hits="1" number="751"/>
						<line hits="1" number="752"/>
						<line hits="1" number="754"/>
						<line hits="1" number="757"/>
						<line hits="1" number="762"/>
						<line hits="1" number="764"/>
						<line branch="true" condition-coverage="50% (1/2)" hits="1" missing-branches="766" number="765"/>
						<line branch="true" condition-coverage="0% (0/2)" hits="0" missing-branches="767,770" number="766"/>
						<line hits="0" number="767"/>
						<line hits="0" number="770"/>
						<line hits="0" number="771"/>
						<line hits="1" number="772"/>
						<line hits="1" number="775"/>
						<line hits="1" number="785"/>
						<line hits="1" number="786"/>
						<line hits="1" number="787"/>
						<line hits="1" number="788"/>
						<line hits="1" number="797"/>
						<line branch="true" condition-coverage="50% (1/2)" hits="1" missing-branches="809" number="806"/>
						<line hits="0" number="809"/>
						<line hits="1" number="810"/>
						<line hits="1" number="811"/>
						<line hits="1" number="812"/>
						<line hits="0" number="813"/>
						<line hits="0" number="815"/>
						<line hits="1" number="817"/>
						<line hits="1" number="828"/>
						<line hits="1" number="830"/>
						<line hits="1" number="840"/>
						<line branch="true" condition-coverage="50% (1/2)" hits="1" missing-branches="842" number="841"/>
						<line hits="0" number="842"/>
						<line branch="true" condition-coverage="100% (2/2)" hits="1" number="843"/>
						<line hits="1" number="846"/>
						<line hits="1" number="847"/>
						<line hits="1" number="848"/>
						<line hits="1" number="849"/>
						<line hits="1" number="850"/>
						<line hits="1" number="852"/>
						<line hits="0" number="853"/>
						<line hits="0" number="856"/>
						<line hits="0" number="857"/>
					</lines>
				</class>
				<class branch-rate="0.3333" complexity="0" filename="qutebrowser/qutebrowser.py" line-rate="0.8387" name="qutebrowser.py">
					<methods/>
					<lines>
						<line hits="1" number="20"/>
						<line hits="1" number="22"/>
						<line hits="1" number="23"/>
						<line hits="1" number="25"/>
						<line hits="1" number="26"/>
						<line hits="1" number="27"/>
						<line hits="0" number="28"/>
						<line hits="0" number="29"/>
						<line hits="0" number="31"/>
						<line hits="0" number="32"/>
						<line hits="0" number="35"/>
						<line hits="0" number="37"/>
						<line hits="0" number="38"/>
						<line hits="1" number="39"/>
						<line hits="1" number="41"/>
						<line hits="1" number="42"/>
						<line hits="1" number="45"/>
						<line hits="1" number="47"/>
						<line hits="1" number="49"/>
						<line hits="1" number="51"/>
						<line hits="1" number="53"/>
						<line hits="1" number="55"/>
						<line hits="1" number="57"/>
						<line hits="1" number="59"/>
						<line hits="1" number="63"/>
						<line hits="1" number="65"/>
						<line hits="1" number="68"/>
						<line hits="1" number="72"/>
						<line hits="1" number="74"/>
						<line hits="1" number="75"/>
						<line hits="1" number="77"/>
						<line hits="1" number="80"/>
						<line hits="1" number="84"/>
						<line hits="1" number="86"/>
						<line hits="1" number="88"/>
						<line hits="1" number="91"/>
						<line hits="1" number="93"/>
						<line hits="1" number="95"/>
						<line hits="1" number="97"/>
						<line hits="1" number="99"/>
						<line hits="1" number="101"/>
						<line hits="1" number="106"/>
						<line hits="1" number="108"/>
						<line hits="1" number="110"/>
						<line hits="1" number="112"/>
						<line hits="1" number="116"/>
						<line hits="1" number="119"/>
						<line hits="1" number="123"/>
						<line hits="1" number="126"/>
						<line hits="1" number="128"/>
						<line hits="1" number="131"/>
						<line hits="1" number="133"/>
						<line branch="true" condition-coverage="50% (1/2)" hits="1" missing-branches="138" number="134"/>
						<line branch="true" condition-coverage="0% (0/2)" hits="0" missing-branches="exit,141" number="138"/>
						<line hits="1" number="140"/>
						<line hits="1" number="141"/>
						<line branch="true" condition-coverage="50% (1/2)" hits="1" missing-branches="147" number="142"/>
						<line hits="0" number="147"/>
						<line hits="0" number="148"/>
						<line hits="1" number="149"/>
						<line hits="1" number="152"/>
						<line hits="1" number="153"/>
					</lines>
				</class>
			</classes>
		</package>
		<package branch-rate="0.5208" complexity="0" line-rate="0.6711" name="qutebrowser.browser">
			<classes>
				<class branch-rate="0.09091" complexity="0" filename="qutebrowser/browser/adblock.py" line-rate="0.2703" name="adblock.py">
					<methods/>
					<lines>
						<line hits="1" number="20"/>
						<line hits="1" number="22"/>
						<line hits="1" number="23"/>
						<line hits="1" number="24"/>
						<line hits="1" number="25"/>
						<line hits="1" number="26"/>
						<line hits="1" number="27"/>
						<line hits="1" number="29"/>
						<line hits="1" number="30"/>
						<line hits="1" number="31"/>
						<line hits="1" number="34"/>
						<line hits="0" number="40"/>
						<line branch="true" condition-coverage="0% (0/2)" hits="0" missing-branches="42,44" number="41"/>
						<line hits="0" number="42"/>
						<line branch="true" condition-coverage="0% (0/2)" hits="0" missing-branches="45,47" number="44"/>
						<line branch="true" condition-coverage="0% (0/2)" hits="0" missing-branches="44,46" number="45"/>
						<line hits="0" number="46"/>
						<line hits="0" number="47"/>
						<line hits="1" number="50"/>
						<line hits="0" number="52"/>
						<line branch="true" condition-coverage="0% (0/2)" hits="0" missing-branches="54,59" number="53"/>
						<line hits="0" number="54"/>
						<line hits="0" number="55"/>
						<line hits="0" number="56"/>
						<line hits="0" number="57"/>
						<line hits="0" number="59"/>
						<line hits="0" number="60"/>
						<line hits="1" number="63"/>
						<line hits="0" number="69"/>
						<line branch="true" condition-coverage="0% (0/2)" hits="0" missing-branches="71,73" number="70"/>
						<line hits="0" number="71"/>
						<line branch="true" condition-coverage="0% (0/2)" hits="0" missing-branches="74,76" number="73"/>
						<line branch="true" condition-coverage="0% (0/2)" hits="0" missing-branches="73,75" number="74"/>
						<line hits="0" number="75"/>
						<line hits="0" number="76"/>
						<line hits="1" number="79"/>
						<line hits="1" number="83"/>
						<line hits="0" number="84"/>
						<line hits="0" number="85"/>
						<line hits="0" number="86"/>
						<line hits="1" number="89"/>
						<line hits="1" number="103"/>
						<line hits="1" number="106"/>
						<line hits="1" number="107"/>
						<line hits="1" number="108"/>
						<line hits="1" number="109"/>
						<line hits="1" number="110"/>
						<line branch="true" condition-coverage="50% (1/2)" hits="1" missing-branches="112" number="111"/>
						<line hits="0" number="112"/>
						<line hits="1" number="114"/>
						<line hits="1" number="115"/>
						<line hits="1" number="117"/>
						<line branch="true" condition-coverage="50% (1/2)" hits="1" missing-branches="120" number="119"/>
						<line hits="0" number="120"/>
						<line hits="1" number="121"/>
						<line hits="1" number="122"/>
						<line hits="1" number="124"/>
						<line hits="1" number="126"/>
						<line branch="true" condition-coverage="50% (1/2)" hits="1" missing-branches="128" number="127"/>
						<line hits="0" number="128"/>
						<line branch="true" condition-coverage="50% (1/2)" hits="1" missing-branches="130" number="129"/>
						<line hits="0" number="130"/>
						<line hits="0" number="131"/>
						<line branch="true" condition-coverage="0% (0/3)" hits="0" missing-branches="exit,133,134" number="132"/>
						<line hits="0" number="133"/>
						<line hits="0" number="134"/>
						<line hits="0" number="135"/>
						<line hits="1" number="137"/>
						<line branch="true" condition-coverage="50% (1/2)" hits="1" missing-branches="140" number="138"/>
						<line hits="0" number="140"/>
						<line hits="1" number="143"/>
						<line branch="true" condition-coverage="0% (0/2)" hits="0" missing-branches="147,148" number="146"/>
						<line hits="0" number="147"/>
						<line hits="0" number="148"/>
						<line hits="0" number="149"/>
						<line hits="0" number="150"/>
						<line hits="0" number="151"/>
						<line branch="true" condition-coverage="0% (0/2)" hits="0" missing-branches="154,155" number="153"/>
						<line hits="0" number="154"/>
						<line branch="true" condition-coverage="0% (0/2)" hits="0" missing-branches="exit,156" number="155"/>
						<line branch="true" condition-coverage="0% (0/2)" hits="0" missing-branches="157,167" number="156"/>
						<line hits="0" number="157"/>
						<line hits="0" number="158"/>
						<line hits="0" number="159"/>
						<line hits="0" number="160"/>
						<line hits="0" number="162"/>
						<line hits="0" number="163"/>
						<line hits="0" number="164"/>
						<line hits="0" number="165"/>
						<line hits="0" number="167"/>
						<line hits="0" number="168"/>
						<line hits="0" number="169"/>
						<line hits="0" number="171"/>
						<line hits="0" number="172"/>
						<line hits="1" number="175"/>
						<line hits="0" number="184"/>
						<line hits="0" number="185"/>
						<line hits="0" number="186"/>
						<line hits="0" number="187"/>
						<line hits="0" number="188"/>
						<line hits="0" number="190"/>
						<line hits="0" number="192"/>
						<line branch="true" condition-coverage="0% (0/2)" hits="0" missing-branches="194,217" number="193"/>
						<line hits="0" number="194"/>
						<line hits="0" number="196"/>
						<line hits="0" number="197"/>
						<line hits="0" number="198"/>
						<line hits="0" number="199"/>
						<line hits="0" number="200"/>
						<line hits="0" number="201"/>
						<line branch="true" condition-coverage="0% (0/2)" hits="0" missing-branches="204,205" number="203"/>
						<line hits="0" number="204"/>
						<line hits="0" number="205"/>
						<line branch="true" condition-coverage="0% (0/2)" hits="0" missing-branches="208,209" number="206"/>
						<line hits="0" number="208"/>
						<line branch="true" condition-coverage="0% (0/2)" hits="0" missing-branches="211,213" number="209"/>
						<line hits="0" number="211"/>
						<line hits="0" number="213"/>
						<line hits="0" number="214"/>
						<line branch="true" condition-coverage="0% (0/2)" hits="0" missing-branches="193,216" number="215"/>
						<line hits="0" number="216"/>
						<line hits="0" number="217"/>
						<line branch="true" condition-coverage="0% (0/2)" hits="0" missing-branches="exit,219" number="218"/>
						<line hits="0" number="219"/>
						<line hits="1" number="222"/>
						<line hits="0" number="224"/>
						<line branch="true" condition-coverage="0% (0/2)" hits="0" missing-branches="226,227" number="225"/>
						<line hits="0" number="226"/>
						<line hits="0" number="227"/>
						<line hits="1" number="230"/>
						<line hits="0" number="233"/>
						<line branch="true" condition-coverage="0% (0/2)" hits="0" missing-branches="exit,235" number="234"/>
						<line hits="0" number="235"/>
						<line hits="0" number="236"/>
						<line hits="0" number="237"/>
						<line hits="0" number="238"/>
						<line hits="1" number="240"/>
						<line hits="0" number="246"/>
						<line branch="true" condition-coverage="0% (0/2)" hits="0" missing-branches="248,253" number="247"/>
						<line hits="0" number="248"/>
						<line hits="0" number="249"/>
						<line hits="0" number="250"/>
						<line hits="0" number="252"/>
						<line branch="true" condition-coverage="0% (0/2)" hits="0" missing-branches="exit,254" number="253"/>
						<line hits="0" number="254"/>
						<line hits="0" number="255"/>
						<line hits="0" number="256"/>
						<line hits="0" number="257"/>
					</lines>
				</class>
				<class branch-rate="1" complexity="0" filename="qutebrowser/browser/cache.py" line-rate="1" name="cache.py">
					<methods/>
					<lines>
						<line hits="1" number="20"/>
						<line hits="1" number="22"/>
						<line hits="1" number="24"/>
						<line hits="1" number="25"/>
						<line hits="1" number="27"/>
						<line hits="1" number="28"/>
						<line hits="1" number="31"/>
						<line hits="1" number="41"/>
						<line hits="1" number="42"/>
						<line hits="1" number="43"/>
						<line hits="1" number="44"/>
						<line hits="1" number="45"/>
						<line hits="1" number="46"/>
						<line hits="1" number="53"/>
						<line branch="true" condition-coverage="100% (2/2)" hits="1" number="55"/>
						<line hits="1" number="57"/>
						<line hits="1" number="59"/>
						<line hits="1" number="60"/>
						<line hits="1" number="61"/>
						<line hits="1" number="63"/>
						<line branch="true" condition-coverage="100% (2/2)" hits="1" number="66"/>
						<line hits="1" number="67"/>
						<line branch="true" condition-coverage="100% (2/2)" hits="1" number="68"/>
						<line hits="1" number="70"/>
						<line hits="1" number="72"/>
						<line branch="true" condition-coverage="100% (2/2)" hits="1" number="78"/>
						<line hits="1" number="79"/>
						<line hits="1" number="81"/>
						<line hits="1" number="83"/>
						<line branch="true" condition-coverage="100% (2/2)" hits="1" number="92"/>
						<line hits="1" number="93"/>
						<line hits="1" number="95"/>
						<line hits="1" number="97"/>
						<line branch="true" condition-coverage="100% (2/2)" hits="1" number="106"/>
						<line hits="1" number="107"/>
						<line hits="1" number="109"/>
						<line hits="1" number="111"/>
						<line branch="true" condition-coverage="100% (2/2)" hits="1" number="117"/>
						<line hits="1" number="118"/>
						<line hits="1" number="120"/>
						<line hits="1" number="122"/>
						<line branch="true" condition-coverage="100% (2/2)" hits="1" number="131"/>
						<line hits="1" number="132"/>
						<line hits="1" number="134"/>
						<line hits="1" number="136"/>
						<line branch="true" condition-coverage="100% (2/2)" hits="1" number="145"/>
						<line hits="1" number="146"/>
						<line hits="1" number="148"/>
						<line hits="1" number="150"/>
						<line branch="true" condition-coverage="100% (2/2)" hits="1" number="156"/>
						<line hits="1" number="157"/>
						<line hits="1" number="159"/>
						<line hits="1" number="161"/>
						<line branch="true" condition-coverage="100% (2/2)" hits="1" number="167"/>
						<line hits="1" number="168"/>
						<line hits="1" number="170"/>
						<line hits="1" number="172"/>
						<line branch="true" condition-coverage="100% (2/2)" hits="1" number="174"/>
						<line hits="1" number="175"/>
						<line hits="1" number="177"/>
					</lines>
				</class>
				<class branch-rate="0.4411" complexity="0" filename="qutebrowser/browser/commands.py" line-rate="0.573" name="commands.py">
					<methods/>
					<lines>
						<line hits="1" number="20"/>
						<line hits="1" number="22"/>
						<line hits="1" number="23"/>
						<line hits="1" number="24"/>
						<line hits="1" number="25"/>
						<line hits="1" number="26"/>
						<line hits="1" number="27"/>
						<line hits="1" number="29"/>
						<line hits="1" number="30"/>
						<line hits="1" number="31"/>
						<line hits="1" number="32"/>
						<line hits="1" number="33"/>
						<line hits="1" number="34"/>
						<line hits="1" number="35"/>
						<line hits="1" number="36"/>
						<line hits="1" number="37"/>
						<line hits="1" number="39"/>
						<line hits="1" number="40"/>
						<line hits="1" number="41"/>
						<line hits="1" number="42"/>
						<line hits="1" number="43"/>
						<line hits="1" number="45"/>
						<line hits="1" number="46"/>
						<line hits="1" number="49"/>
						<line hits="1" number="65"/>
						<line hits="1" number="66"/>
						<line hits="1" number="67"/>
						<line hits="1" number="68"/>
						<line hits="1" number="73"/>
						<line hits="1" number="75"/>
						<line hits="1" number="76"/>
						<line hits="1" number="77"/>
						<line hits="1" number="78"/>
						<line hits="1" number="80"/>
						<line hits="1" number="82"/>
						<line hits="1" number="84"/>
						<line hits="1" number="86"/>
						<line hits="1" number="88"/>
						<line hits="1" number="90"/>
						<line hits="1" number="92"/>
						<line hits="1" number="94"/>
						<line hits="1" number="95"/>
						<line hits="0" number="96"/>
						<line hits="0" number="97"/>
						<line branch="true" condition-coverage="0% (0/2)" hits="0" missing-branches="99,100" number="98"/>
						<line hits="0" number="99"/>
						<line hits="0" number="100"/>
						<line hits="0" number="101"/>
						<line hits="1" number="103"/>
						<line hits="1" number="105"/>
						<line hits="1" number="107"/>
						<line hits="1" number="109"/>
						<line branch="true" condition-coverage="50% (1/2)" hits="1" missing-branches="111" number="110"/>
						<line hits="0" number="111"/>
						<line hits="1" number="112"/>
						<line hits="1" number="114"/>
						<line hits="1" number="123"/>
						<line hits="1" number="124"/>
						<line hits="1" number="125"/>
						<line branch="true" condition-coverage="100% (2/2)" hits="1" number="126"/>
						<line hits="1" number="127"/>
						<line hits="1" number="128"/>
						<line branch="true" condition-coverage="100% (2/2)" hits="1" number="129"/>
						<line hits="1" number="130"/>
						<line branch="true" condition-coverage="100% (2/2)" hits="1" number="131"/>
						<line hits="1" number="132"/>
						<line hits="1" number="134"/>
						<line hits="1" number="135"/>
						<line hits="1" number="137"/>
						<line branch="true" condition-coverage="100% (2/2)" hits="1" number="148"/>
						<line hits="1" number="149"/>
						<line branch="true" condition-coverage="100% (2/2)" hits="1" number="150"/>
						<line hits="1" number="151"/>
						<line hits="1" number="152"/>
						<line hits="1" number="154"/>
						<line hits="1" number="156"/>
						<line branch="true" condition-coverage="0% (0/2)" hits="0" missing-branches="163,164" number="162"/>
						<line hits="0" number="163"/>
						<line branch="true" condition-coverage="0% (0/2)" hits="0" missing-branches="165,167" number="164"/>
						<line hits="0" number="165"/>
						<line hits="0" number="167"/>
						<line hits="1" number="169"/>
						<line branch="true" condition-coverage="0% (0/2)" hits="0" missing-branches="179,180" number="176"/>
						<line hits="0" number="179"/>
						<line branch="true" condition-coverage="0% (0/2)" hits="0" missing-branches="181,182" number="180"/>
						<line hits="0" number="181"/>
						<line branch="true" condition-coverage="0% (0/2)" hits="0" missing-branches="exit,183" number="182"/>
						<line hits="0" number="183"/>
						<line hits="1" number="185"/>
						<line hits="0" number="187"/>
						<line hits="0" number="188"/>
						<line hits="0" number="190"/>
						<line hits="0" number="191"/>
						<line hits="0" number="192"/>
						<line branch="true" condition-coverage="0% (0/2)" hits="0" missing-branches="194,195" number="193"/>
						<line hits="0" number="194"/>
						<line hits="0" number="195"/>
						<line hits="1" number="197"/>
						<line hits="1" number="210"/>
						<line branch="true" condition-coverage="100% (2/2)" hits="1" number="211"/>
						<line hits="1" number="212"/>
						<line branch="true" condition-coverage="100% (2/2)" hits="1" number="213"/>
						<line hits="1" number="214"/>
						<line branch="true" condition-coverage="100% (2/2)" hits="1" number="215"/>
						<line hits="1" number="216"/>
						<line branch="true" condition-coverage="100% (2/2)" hits="1" number="217"/>
						<line hits="1" number="218"/>
						<line branch="true" condition-coverage="100% (2/2)" hits="1" number="219"/>
						<line hits="1" number="220"/>
						<line hits="1" number="221"/>
						<line hits="1" number="222"/>
						<line hits="1" number="228"/>
						<line hits="1" number="230"/>
						<line hits="1" number="232"/>
						<line hits="1" number="242"/>
						<line branch="true" condition-coverage="100% (2/2)" hits="1" number="243"/>
						<line hits="1" number="244"/>
						<line hits="1" number="245"/>
						<line hits="1" number="246"/>
						<line branch="true" condition-coverage="100% (2/2)" hits="1" number="248"/>
						<line hits="1" number="249"/>
						<line hits="1" number="251"/>
						<line hits="1" number="252"/>
						<line hits="1" number="253"/>
						<line hits="1" number="254"/>
						<line hits="1" number="256"/>
						<line hits="1" number="259"/>
						<line branch="true" condition-coverage="100% (2/2)" hits="1" number="269"/>
						<line branch="true" condition-coverage="100% (2/2)" hits="1" number="270"/>
						<line hits="1" number="271"/>
						<line hits="1" number="273"/>
						<line hits="1" number="276"/>
						<line hits="1" number="277"/>
						<line hits="1" number="278"/>
						<line hits="1" number="279"/>
						<line branch="true" condition-coverage="100% (2/2)" hits="1" number="280"/>
						<line hits="1" number="281"/>
						<line hits="1" number="283"/>
						<line branch="true" condition-coverage="50% (1/2)" hits="1" missing-branches="285" number="284"/>
						<line branch="true" condition-coverage="0% (0/2)" hits="0" missing-branches="288,291" number="285"/>
						<line hits="0" number="288"/>
						<line hits="0" number="291"/>
						<line hits="1" number="293"/>
						<line hits="1" number="295"/>
						<line hits="1" number="297"/>
						<line hits="1" number="304"/>
						<line branch="true" condition-coverage="50% (1/2)" hits="1" missing-branches="exit" number="305"/>
						<line branch="true" condition-coverage="100% (2/2)" hits="1" number="306"/>
						<line hits="1" number="307"/>
						<line hits="1" number="309"/>
						<line hits="1" number="311"/>
						<line hits="1" number="313"/>
						<line hits="1" number="319"/>
						<line branch="true" condition-coverage="50% (1/2)" hits="1" missing-branches="exit" number="320"/>
						<line hits="1" number="321"/>
						<line hits="1" number="323"/>
						<line hits="1" number="325"/>
						<line branch="true" condition-coverage="0% (0/2)" hits="0" missing-branches="334,336" number="332"/>
						<line hits="0" number="334"/>
						<line hits="0" number="336"/>
						<line branch="true" condition-coverage="0% (0/2)" hits="0" missing-branches="exit,338" number="337"/>
						<line branch="true" condition-coverage="0% (0/2)" hits="0" missing-branches="339,347" number="338"/>
						<line hits="0" number="339"/>
						<line hits="0" number="340"/>
						<line hits="0" number="341"/>
						<line hits="0" number="344"/>
						<line hits="0" number="345"/>
						<line hits="0" number="347"/>
						<line hits="0" number="348"/>
						<line branch="true" condition-coverage="0% (0/2)" hits="0" missing-branches="exit,exit" number="349"/>
						<line hits="1" number="351"/>
						<line hits="1" number="352"/>
						<line branch="true" condition-coverage="50% (1/2)" hits="1" missing-branches="363" number="362"/>
						<line hits="0" number="363"/>
						<line hits="1" number="364"/>
						<line hits="1" number="365"/>
						<line branch="true" condition-coverage="100% (2/2)" hits="1" number="368"/>
						<line hits="1" number="369"/>
						<line hits="1" number="371"/>
						<line hits="1" number="372"/>
						<line hits="1" number="373"/>
						<line hits="1" number="375"/>
						<line hits="1" number="376"/>
						<line branch="true" condition-coverage="50% (1/2)" hits="1" missing-branches="379" number="377"/>
						<line hits="1" number="378"/>
						<line hits="1" number="379"/>
						<line hits="1" number="380"/>
						<line hits="1" number="381"/>
						<line hits="1" number="382"/>
						<line hits="1" number="383"/>
						<line hits="1" number="385"/>
						<line hits="0" number="388"/>
						<line hits="0" number="389"/>
						<line hits="0" number="390"/>
						<line hits="0" number="391"/>
						<line hits="1" number="393"/>
						<line hits="1" number="396"/>
						<line branch="true" condition-coverage="100% (2/2)" hits="1" number="397"/>
						<line hits="1" number="398"/>
						<line branch="true" condition-coverage="100% (2/2)" hits="1" number="399"/>
						<line hits="1" number="400"/>
						<line branch="true" condition-coverage="100% (2/2)" hits="1" number="402"/>
						<line hits="1" number="403"/>
						<line hits="1" number="405"/>
						<line hits="1" number="407"/>
						<line branch="true" condition-coverage="100% (2/2)" hits="1" number="408"/>
						<line branch="true" condition-coverage="100% (2/2)" hits="1" number="409"/>
						<line branch="true" condition-coverage="50% (1/2)" hits="1" missing-branches="411" number="410"/>
						<line hits="0" number="411"/>
						<line hits="1" number="412"/>
						<line branch="true" condition-coverage="50% (1/2)" hits="1" missing-branches="415" number="414"/>
						<line hits="0" number="415"/>
						<line hits="1" number="416"/>
						<line hits="1" number="418"/>
						<line hits="1" number="420"/>
						<line hits="1" number="429"/>
						<line hits="1" number="431"/>
						<line hits="1" number="433"/>
						<line hits="1" number="442"/>
						<line hits="1" number="444"/>
						<line hits="1" number="454"/>
						<line branch="true" condition-coverage="50% (1/2)" hits="1" missing-branches="456" number="455"/>
						<line hits="0" number="456"/>
						<line hits="1" number="458"/>
						<line hits="1" number="459"/>
						<line hits="1" number="460"/>
						<line hits="1" number="461"/>
						<line hits="1" number="462"/>
						<line hits="1" number="463"/>
						<line hits="1" number="465"/>
						<line hits="1" number="474"/>
						<line branch="true" condition-coverage="100% (2/2)" hits="1" number="475"/>
						<line hits="1" number="476"/>
						<line hits="1" number="477"/>
						<line hits="1" number="478"/>
						<line hits="1" number="479"/>
						<line hits="1" number="481"/>
						<line hits="1" number="482"/>
						<line hits="1" number="505"/>
						<line hits="1" number="506"/>
						<line hits="1" number="507"/>
						<line hits="1" number="508"/>
						<line branch="true" condition-coverage="50% (1/2)" hits="1" missing-branches="510" number="509"/>
						<line hits="0" number="510"/>
						<line hits="1" number="511"/>
						<line branch="true" condition-coverage="100% (2/2)" hits="1" number="512"/>
						<line hits="1" number="513"/>
						<line branch="true" condition-coverage="100% (2/2)" hits="1" number="515"/>
						<line hits="1" number="516"/>
						<line branch="true" condition-coverage="100% (2/2)" hits="1" number="518"/>
						<line hits="1" number="519"/>
						<line hits="1" number="520"/>
						<line hits="1" number="521"/>
						<line hits="1" number="526"/>
						<line hits="1" number="528"/>
						<line hits="1" number="536"/>
						<line hits="1" number="537"/>
						<line hits="1" number="538"/>
						<line hits="1" number="539"/>
						<line hits="1" number="540"/>
						<line hits="1" number="542"/>
						<line hits="1" number="544"/>
						<line hits="1" number="557"/>
						<line hits="1" number="559"/>
						<line hits="1" number="560"/>
						<line hits="1" number="561"/>
						<line hits="1" number="563"/>
						<line hits="1" number="565"/>
						<line hits="1" number="567"/>
						<line hits="1" number="568"/>
						<line hits="1" number="570"/>
						<line hits="1" number="580"/>
						<line hits="1" number="581"/>
						<line hits="1" number="582"/>
						<line hits="1" number="583"/>
						<line hits="1" number="584"/>
						<line hits="1" number="587"/>
						<line hits="1" number="588"/>
						<line hits="1" number="590"/>
						<line hits="1" number="591"/>
						<line branch="true" condition-coverage="100% (2/2)" hits="1" number="594"/>
						<line hits="1" number="595"/>
						<line hits="1" number="597"/>
						<line branch="true" condition-coverage="100% (2/2)" hits="1" number="606"/>
						<line hits="1" number="608"/>
						<line hits="1" number="609"/>
						<line hits="1" number="610"/>
						<line hits="1" number="611"/>
						<line branch="true" condition-coverage="100% (2/2)" hits="1" number="613"/>
						<line hits="1" number="614"/>
						<line hits="1" number="616"/>
						<line hits="1" number="617"/>
						<line hits="1" number="619"/>
						<line hits="1" number="621"/>
						<line branch="true" condition-coverage="100% (2/2)" hits="1" number="633"/>
						<line hits="1" number="634"/>
						<line branch="true" condition-coverage="100% (2/2)" hits="1" number="635"/>
						<line hits="1" number="636"/>
						<line hits="1" number="638"/>
						<line branch="true" condition-coverage="100% (2/2)" hits="1" number="640"/>
						<line hits="1" number="641"/>
						<line branch="true" condition-coverage="100% (2/2)" hits="1" number="642"/>
						<line hits="1" number="643"/>
						<line hits="1" number="645"/>
						<line hits="1" number="646"/>
						<line hits="1" number="647"/>
						<line branch="true" condition-coverage="100% (2/2)" hits="1" number="648"/>
						<line hits="1" number="649"/>
						<line hits="1" number="650"/>
						<line hits="1" number="652"/>
						<line hits="1" number="654"/>
						<line hits="1" number="671"/>
						<line branch="true" condition-coverage="50% (1/2)" hits="1" missing-branches="674" number="672"/>
						<line hits="0" number="674"/>
						<line branch="true" condition-coverage="100% (2/2)" hits="1" number="676"/>
						<line hits="1" number="679"/>
						<line hits="1" number="680"/>
						<line branch="true" condition-coverage="100% (2/2)" hits="1" number="681"/>
						<line hits="1" number="682"/>
						<line hits="1" number="683"/>
						<line hits="1" number="685"/>
						<line hits="1" number="686"/>
						<line branch="true" condition-coverage="100% (2/2)" hits="1" number="687"/>
						<line branch="true" condition-coverage="100% (2/2)" hits="1" number="688"/>
						<line hits="1" number="689"/>
						<line branch="true" condition-coverage="100% (2/2)" hits="1" number="690"/>
						<line hits="1" number="691"/>
						<line branch="true" condition-coverage="100% (2/2)" hits="1" number="692"/>
						<line hits="1" number="693"/>
						<line hits="1" number="694"/>
						<line branch="true" condition-coverage="100% (2/2)" hits="1" number="695"/>
						<line hits="1" number="696"/>
						<line hits="1" number="697"/>
						<line hits="1" number="698"/>
						<line hits="1" number="699"/>
						<line hits="1" number="700"/>
						<line hits="1" number="701"/>
						<line hits="1" number="702"/>
						<line hits="1" number="704"/>
						<line hits="1" number="705"/>
						<line hits="1" number="713"/>
						<line branch="true" condition-coverage="100% (2/2)" hits="1" number="714"/>
						<line hits="1" number="715"/>
						<line hits="1" number="716"/>
						<line branch="true" condition-coverage="100% (2/2)" hits="1" number="717"/>
						<line hits="1" number="718"/>
						<line hits="1" number="719"/>
						<line hits="1" number="722"/>
						<line hits="1" number="724"/>
						<line hits="1" number="726"/>
						<line branch="true" condition-coverage="50% (1/2)" hits="1" missing-branches="728" number="727"/>
						<line hits="0" number="728"/>
						<line hits="0" number="729"/>
						<line hits="1" number="731"/>
						<line hits="1" number="732"/>
						<line hits="1" number="733"/>
						<line hits="1" number="734"/>
						<line hits="1" number="735"/>
						<line hits="1" number="738"/>
						<line hits="1" number="740"/>
						<line hits="1" number="746"/>
						<line hits="1" number="747"/>
						<line hits="1" number="748"/>
						<line hits="0" number="749"/>
						<line hits="0" number="750"/>
						<line hits="1" number="751"/>
						<line hits="1" number="753"/>
						<line hits="1" number="755"/>
						<line hits="1" number="761"/>
						<line hits="1" number="762"/>
						<line hits="1" number="763"/>
						<line hits="0" number="764"/>
						<line hits="0" number="765"/>
						<line hits="1" number="766"/>
						<line hits="1" number="768"/>
						<line hits="1" number="770"/>
						<line hits="1" number="780"/>
						<line hits="1" number="781"/>
						<line hits="1" number="782"/>
						<line hits="0" number="783"/>
						<line hits="0" number="784"/>
						<line hits="1" number="785"/>
						<line hits="1" number="787"/>
						<line hits="1" number="788"/>
						<line hits="1" number="789"/>
						<line hits="1" number="790"/>
						<line hits="1" number="791"/>
						<line hits="1" number="793"/>
						<line hits="1" number="794"/>
						<line hits="1" number="801"/>
						<line hits="1" number="802"/>
						<line hits="1" number="803"/>
						<line branch="true" condition-coverage="100% (2/2)" hits="1" number="805"/>
						<line branch="true" condition-coverage="100% (3/3)" hits="1" number="806"/>
						<line hits="1" number="808"/>
						<line hits="1" number="810"/>
						<line hits="1" number="812"/>
						<line hits="0" number="815"/>
						<line hits="0" number="816"/>
						<line hits="0" number="817"/>
						<line hits="0" number="818"/>
						<line hits="1" number="820"/>
						<line hits="1" number="822"/>
						<line hits="0" number="828"/>
						<line branch="true" condition-coverage="0% (0/2)" hits="0" missing-branches="830,831" number="829"/>
						<line hits="0" number="830"/>
						<line branch="true" condition-coverage="0% (0/2)" hits="0" missing-branches="832,834" number="831"/>
						<line hits="0" number="832"/>
						<line hits="0" number="834"/>
						<line hits="1" number="836"/>
						<line hits="1" number="838"/>
						<line hits="0" number="844"/>
						<line branch="true" condition-coverage="0% (0/2)" hits="0" missing-branches="846,847" number="845"/>
						<line hits="0" number="846"/>
						<line branch="true" condition-coverage="0% (0/2)" hits="0" missing-branches="848,850" number="847"/>
						<line hits="0" number="848"/>
						<line hits="0" number="850"/>
						<line hits="1" number="852"/>
						<line hits="1" number="853"/>
						<line hits="1" number="862"/>
						<line branch="true" condition-coverage="50% (1/2)" hits="1" missing-branches="864" number="863"/>
						<line hits="0" number="864"/>
						<line hits="0" number="865"/>
						<line hits="1" number="867"/>
						<line hits="1" number="868"/>
						<line hits="1" number="869"/>
						<line branch="true" condition-coverage="100% (2/2)" hits="1" number="870"/>
						<line hits="1" number="871"/>
						<line hits="1" number="872"/>
						<line hits="1" number="873"/>
						<line hits="1" number="874"/>
						<line hits="0" number="875"/>
						<line hits="0" number="876"/>
						<line hits="1" number="877"/>
						<line hits="1" number="879"/>
						<line hits="1" number="881"/>
						<line branch="true" condition-coverage="50% (1/2)" hits="1" missing-branches="892" number="891"/>
						<line hits="0" number="892"/>
						<line hits="0" number="893"/>
						<line branch="true" condition-coverage="50% (1/2)" hits="1" missing-branches="895" number="894"/>
						<line hits="0" number="895"/>
						<line hits="0" number="896"/>
						<line hits="1" number="897"/>
						<line hits="1" number="898"/>
						<line hits="0" number="900"/>
						<line hits="0" number="901"/>
						<line hits="1" number="902"/>
						<line branch="true" condition-coverage="50% (1/2)" hits="1" missing-branches="906" number="903"/>
						<line hits="1" number="904"/>
						<line hits="0" number="906"/>
						<line hits="1" number="909"/>
						<line hits="1" number="911"/>
						<line branch="true" condition-coverage="0% (0/2)" hits="0" missing-branches="921,922" number="920"/>
						<line hits="0" number="921"/>
						<line branch="true" condition-coverage="0% (0/2)" hits="0" missing-branches="923,929" number="922"/>
						<line hits="0" number="923"/>
						<line hits="0" number="924"/>
						<line hits="0" number="925"/>
						<line hits="0" number="926"/>
						<line hits="0" number="929"/>
						<line branch="true" condition-coverage="0% (0/2)" hits="0" missing-branches="932,934" number="931"/>
						<line hits="0" number="932"/>
						<line hits="0" number="934"/>
						<line hits="0" number="935"/>
						<line hits="0" number="936"/>
						<line hits="0" number="937"/>
						<line hits="0" number="938"/>
						<line hits="0" number="939"/>
						<line hits="0" number="940"/>
						<line hits="0" number="941"/>
						<line hits="0" number="942"/>
						<line hits="0" number="943"/>
						<line hits="0" number="944"/>
						<line hits="0" number="946"/>
						<line hits="1" number="948"/>
						<line hits="1" number="950"/>
						<line hits="0" number="964"/>
						<line hits="0" number="965"/>
						<line hits="0" number="966"/>
						<line hits="0" number="967"/>
						<line hits="0" number="970"/>
						<line hits="0" number="972"/>
						<line branch="true" condition-coverage="0% (0/2)" hits="0" missing-branches="976,978" number="974"/>
						<line hits="0" number="976"/>
						<line hits="0" number="978"/>
						<line hits="0" number="979"/>
						<line branch="true" condition-coverage="0% (0/2)" hits="0" missing-branches="983,985" number="982"/>
						<line hits="0" number="983"/>
						<line hits="0" number="985"/>
						<line hits="1" number="987"/>
						<line hits="0" number="990"/>
						<line hits="1" number="992"/>
						<line hits="1" number="994"/>
						<line hits="0" number="1002"/>
						<line hits="0" number="1006"/>
						<line branch="true" condition-coverage="0% (0/2)" hits="0" missing-branches="1008,1010" number="1007"/>
						<line hits="0" number="1008"/>
						<line hits="0" number="1010"/>
						<line branch="true" condition-coverage="0% (0/2)" hits="0" missing-branches="1012,1014" number="1011"/>
						<line hits="0" number="1012"/>
						<line branch="true" condition-coverage="0% (0/2)" hits="0" missing-branches="1015,1017" number="1014"/>
						<line hits="0" number="1015"/>
						<line hits="0" number="1016"/>
						<line hits="0" number="1017"/>
						<line hits="0" number="1019"/>
						<line hits="0" number="1020"/>
						<line hits="0" number="1021"/>
						<line hits="0" number="1022"/>
						<line hits="0" number="1024"/>
						<line hits="0" number="1026"/>
						<line hits="0" number="1027"/>
						<line hits="1" number="1030"/>
						<line hits="0" number="1033"/>
						<line hits="0" number="1034"/>
						<line hits="1" number="1036"/>
						<line hits="1" number="1039"/>
						<line hits="0" number="1048"/>
						<line hits="0" number="1049"/>
						<line hits="0" number="1050"/>
						<line hits="0" number="1051"/>
						<line hits="0" number="1052"/>
						<line hits="1" number="1054"/>
						<line hits="0" number="1057"/>
						<line hits="0" number="1058"/>
						<line hits="0" number="1059"/>
						<line hits="0" number="1060"/>
						<line hits="0" number="1061"/>
						<line hits="0" number="1062"/>
						<line hits="0" number="1064"/>
						<line hits="1" number="1067"/>
						<line hits="1" number="1070"/>
						<line hits="0" number="1079"/>
						<line hits="0" number="1080"/>
						<line hits="0" number="1081"/>
						<line hits="0" number="1082"/>
						<line hits="0" number="1083"/>
						<line hits="1" number="1085"/>
						<line hits="1" number="1087"/>
						<line hits="0" number="1093"/>
						<line hits="0" number="1094"/>
						<line branch="true" condition-coverage="0% (0/2)" hits="0" missing-branches="1096,1097" number="1095"/>
						<line hits="0" number="1096"/>
						<line branch="true" condition-coverage="0% (0/2)" hits="0" missing-branches="1099,1104" number="1097"/>
						<line branch="true" condition-coverage="0% (0/2)" hits="0" missing-branches="1100,1101" number="1099"/>
						<line hits="0" number="1100"/>
						<line hits="0" number="1101"/>
						<line hits="0" number="1104"/>
						<line hits="0" number="1105"/>
						<line hits="0" number="1107"/>
						<line hits="0" number="1108"/>
						<line branch="true" condition-coverage="0% (0/2)" hits="0" missing-branches="exit,1111" number="1110"/>
						<line hits="0" number="1111"/>
						<line hits="0" number="1112"/>
						<line hits="0" number="1113"/>
						<line hits="0" number="1114"/>
						<line hits="0" number="1115"/>
						<line hits="0" number="1116"/>
						<line hits="1" number="1118"/>
						<line hits="1" number="1126"/>
						<line branch="true" condition-coverage="100% (2/2)" hits="1" number="1127"/>
						<line branch="true" condition-coverage="100% (2/2)" hits="1" number="1128"/>
						<line hits="1" number="1129"/>
						<line hits="1" number="1132"/>
						<line hits="1" number="1133"/>
						<line hits="1" number="1134"/>
						<line branch="true" condition-coverage="50% (1/2)" hits="1" missing-branches="1138" number="1135"/>
						<line hits="1" number="1136"/>
						<line branch="true" condition-coverage="0% (0/2)" hits="0" missing-branches="1139,1143" number="1138"/>
						<line hits="0" number="1139"/>
						<line hits="0" number="1143"/>
						<line hits="1" number="1145"/>
						<line hits="1" number="1146"/>
						<line branch="true" condition-coverage="100% (2/2)" hits="1" number="1159"/>
						<line hits="1" number="1160"/>
						<line branch="true" condition-coverage="100% (2/2)" hits="1" number="1163"/>
						<line hits="1" number="1164"/>
						<line hits="1" number="1166"/>
						<line hits="1" number="1168"/>
						<line branch="true" condition-coverage="100% (2/2)" hits="1" number="1170"/>
						<line branch="true" condition-coverage="100% (2/2)" hits="1" number="1171"/>
						<line hits="1" number="1172"/>
						<line hits="1" number="1174"/>
						<line hits="1" number="1175"/>
						<line hits="1" number="1176"/>
						<line branch="true" condition-coverage="50% (1/2)" hits="1" missing-branches="1181" number="1178"/>
						<line hits="1" number="1179"/>
						<line hits="0" number="1181"/>
						<line hits="0" number="1182"/>
						<line hits="1" number="1185"/>
						<line hits="1" number="1191"/>
						<line branch="true" condition-coverage="100% (2/2)" hits="1" number="1192"/>
						<line hits="1" number="1193"/>
						<line hits="1" number="1194"/>
						<line hits="1" number="1195"/>
						<line branch="true" condition-coverage="50% (1/2)" hits="1" missing-branches="1201" number="1198"/>
						<line hits="1" number="1199"/>
						<line hits="0" number="1201"/>
						<line hits="0" number="1203"/>
						<line hits="1" number="1205"/>
						<line hits="1" number="1207"/>
						<line hits="0" number="1211"/>
						<line hits="1" number="1213"/>
						<line hits="1" number="1218"/>
						<line branch="true" condition-coverage="100% (2/2)" hits="1" number="1219"/>
						<line hits="1" number="1220"/>
						<line hits="1" number="1221"/>
						<line hits="1" number="1222"/>
						<line hits="1" number="1223"/>
						<line hits="1" number="1224"/>
						<line hits="1" number="1226"/>
						<line hits="1" number="1227"/>
						<line hits="1" number="1228"/>
						<line hits="1" number="1229"/>
						<line hits="1" number="1230"/>
						<line hits="1" number="1232"/>
						<line hits="1" number="1234"/>
						<line hits="1" number="1241"/>
						<line hits="1" number="1242"/>
						<line branch="true" condition-coverage="100% (2/2)" hits="1" number="1243"/>
						<line hits="1" number="1244"/>
						<line hits="1" number="1246"/>
						<line hits="1" number="1248"/>
						<line hits="1" number="1250"/>
						<line hits="1" number="1251"/>
						<line branch="true" condition-coverage="50% (1/2)" hits="1" missing-branches="1253" number="1252"/>
						<line hits="0" number="1253"/>
						<line hits="0" number="1254"/>
						<line hits="1" number="1256"/>
						<line hits="1" number="1258"/>
						<line hits="1" number="1261"/>
						<line branch="true" condition-coverage="0% (0/2)" hits="0" missing-branches="1274,1275" number="1273"/>
						<line hits="0" number="1274"/>
						<line branch="true" condition-coverage="0% (0/2)" hits="0" missing-branches="1276,1281" number="1275"/>
						<line hits="0" number="1276"/>
						<line branch="true" condition-coverage="0% (0/2)" hits="0" missing-branches="1278,1280" number="1277"/>
						<line hits="0" number="1278"/>
						<line hits="0" number="1280"/>
						<line branch="true" condition-coverage="0% (0/2)" hits="0" missing-branches="1282,1296" number="1281"/>
						<line hits="0" number="1282"/>
						<line branch="true" condition-coverage="0% (0/2)" hits="0" missing-branches="1284,1286" number="1283"/>
						<line hits="0" number="1284"/>
						<line hits="0" number="1286"/>
						<line hits="0" number="1287"/>
						<line hits="0" number="1288"/>
						<line hits="0" number="1289"/>
						<line hits="0" number="1291"/>
						<line hits="0" number="1292"/>
						<line hits="0" number="1294"/>
						<line hits="0" number="1296"/>
						<line hits="0" number="1297"/>
						<line hits="0" number="1298"/>
						<line hits="1" number="1300"/>
						<line hits="0" number="1308"/>
						<line hits="0" number="1309"/>
						<line hits="0" number="1310"/>
						<line hits="0" number="1311"/>
						<line hits="0" number="1312"/>
						<line branch="true" condition-coverage="0% (0/2)" hits="0" missing-branches="1314,1315" number="1313"/>
						<line hits="0" number="1314"/>
						<line branch="true" condition-coverage="0% (0/2)" hits="0" missing-branches="1316,1318" number="1315"/>
						<line hits="0" number="1316"/>
						<line hits="0" number="1318"/>
						<line hits="0" number="1319"/>
						<line hits="0" number="1321"/>
						<line hits="0" number="1323"/>
						<line hits="1" number="1325"/>
						<line hits="0" number="1334"/>
						<line branch="true" condition-coverage="0% (0/2)" hits="0" missing-branches="1336,1340" number="1335"/>
						<line hits="0" number="1336"/>
						<line hits="0" number="1338"/>
						<line hits="0" number="1340"/>
						<line hits="0" number="1342"/>
						<line hits="0" number="1343"/>
						<line hits="0" number="1344"/>
						<line hits="0" number="1345"/>
						<line hits="1" number="1347"/>
						<line branch="true" condition-coverage="0% (0/2)" hits="0" missing-branches="exit,1355" number="1353"/>
						<line hits="0" number="1355"/>
						<line hits="0" number="1356"/>
						<line hits="1" number="1358"/>
						<line hits="1" number="1360"/>
						<line hits="0" number="1367"/>
						<line hits="0" number="1368"/>
						<line hits="0" number="1369"/>
						<line hits="0" number="1370"/>
						<line branch="true" condition-coverage="0% (0/2)" hits="0" missing-branches="1372,1374" number="1371"/>
						<line branch="true" condition-coverage="0% (0/2)" hits="0" missing-branches="1373,1376" number="1372"/>
						<line hits="0" number="1373"/>
						<line branch="true" condition-coverage="0% (0/2)" hits="0" missing-branches="1375,1376" number="1374"/>
						<line hits="0" number="1375"/>
						<line branch="true" condition-coverage="0% (0/2)" hits="0" missing-branches="1377,1378" number="1376"/>
						<line hits="0" number="1377"/>
						<line branch="true" condition-coverage="0% (0/2)" hits="0" missing-branches="1379,1382" number="1378"/>
						<line hits="0" number="1379"/>
						<line hits="0" number="1382"/>
						<line hits="0" number="1383"/>
						<line hits="0" number="1384"/>
						<line hits="0" number="1385"/>
						<line hits="0" number="1386"/>
						<line hits="0" number="1387"/>
						<line hits="1" number="1389"/>
						<line hits="1" number="1391"/>
						<line hits="0" number="1397"/>
						<line hits="0" number="1399"/>
						<line branch="true" condition-coverage="0% (0/2)" hits="0" missing-branches="exit,1402" number="1401"/>
						<line hits="0" number="1402"/>
						<line hits="0" number="1403"/>
						<line hits="0" number="1404"/>
						<line branch="true" condition-coverage="0% (0/2)" hits="0" missing-branches="exit,1407" number="1406"/>
						<line hits="0" number="1407"/>
						<line hits="1" number="1409"/>
						<line hits="1" number="1411"/>
						<line hits="0" number="1417"/>
						<line hits="0" number="1418"/>
						<line branch="true" condition-coverage="0% (0/2)" hits="0" missing-branches="1421,1428" number="1420"/>
						<line hits="0" number="1421"/>
						<line hits="0" number="1422"/>
						<line hits="0" number="1423"/>
						<line hits="0" number="1428"/>
						<line branch="true" condition-coverage="0% (0/2)" hits="0" missing-branches="1430,1432" number="1429"/>
						<line hits="0" number="1430"/>
						<line hits="0" number="1432"/>
						<line branch="true" condition-coverage="0% (0/2)" hits="0" missing-branches="exit,1434" number="1433"/>
						<line hits="0" number="1434"/>
						<line hits="1" number="1436"/>
						<line hits="1" number="1438"/>
						<line hits="0" number="1444"/>
						<line branch="true" condition-coverage="0% (0/2)" hits="0" missing-branches="1446,1448" number="1445"/>
						<line hits="0" number="1446"/>
						<line hits="0" number="1448"/>
						<line branch="true" condition-coverage="0% (0/2)" hits="0" missing-branches="exit,1450" number="1449"/>
						<line hits="0" number="1450"/>
						<line hits="1" number="1452"/>
						<line hits="1" number="1454"/>
						<line hits="0" number="1460"/>
						<line branch="true" condition-coverage="0% (0/2)" hits="0" missing-branches="1462,1464" number="1461"/>
						<line hits="0" number="1462"/>
						<line hits="0" number="1464"/>
						<line branch="true" condition-coverage="0% (0/2)" hits="0" missing-branches="exit,1466" number="1465"/>
						<line hits="0" number="1466"/>
						<line hits="1" number="1468"/>
						<line hits="1" number="1470"/>
						<line hits="0" number="1476"/>
						<line branch="true" condition-coverage="0% (0/2)" hits="0" missing-branches="1478,1480" number="1477"/>
						<line hits="0" number="1478"/>
						<line hits="0" number="1480"/>
						<line branch="true" condition-coverage="0% (0/2)" hits="0" missing-branches="exit,1482" number="1481"/>
						<line hits="0" number="1482"/>
						<line hits="1" number="1484"/>
						<line hits="1" number="1486"/>
						<line hits="0" number="1492"/>
						<line branch="true" condition-coverage="0% (0/2)" hits="0" missing-branches="1494,1496" number="1493"/>
						<line hits="0" number="1494"/>
						<line hits="0" number="1496"/>
						<line branch="true" condition-coverage="0% (0/2)" hits="0" missing-branches="exit,1498" number="1497"/>
						<line hits="0" number="1498"/>
						<line hits="1" number="1500"/>
						<line hits="1" number="1502"/>
						<line hits="0" number="1508"/>
						<line branch="true" condition-coverage="0% (0/2)" hits="0" missing-branches="1510,1512" number="1509"/>
						<line hits="0" number="1510"/>
						<line hits="0" number="1512"/>
						<line branch="true" condition-coverage="0% (0/2)" hits="0" missing-branches="exit,1514" number="1513"/>
						<line hits="0" number="1514"/>
						<line hits="1" number="1516"/>
						<line hits="1" number="1518"/>
						<line hits="0" number="1524"/>
						<line branch="true" condition-coverage="0% (0/2)" hits="0" missing-branches="1526,1528" number="1525"/>
						<line hits="0" number="1526"/>
						<line hits="0" number="1528"/>
						<line branch="true" condition-coverage="0% (0/2)" hits="0" missing-branches="exit,1530" number="1529"/>
						<line branch="true" condition-coverage="0% (0/2)" hits="0" missing-branches="1529,1531" number="1530"/>
						<line hits="0" number="1531"/>
						<line hits="1" number="1533"/>
						<line hits="1" number="1535"/>
						<line hits="0" number="1541"/>
						<line branch="true" condition-coverage="0% (0/2)" hits="0" missing-branches="1543,1545" number="1542"/>
						<line hits="0" number="1543"/>
						<line hits="0" number="1545"/>
						<line branch="true" condition-coverage="0% (0/2)" hits="0" missing-branches="exit,1547" number="1546"/>
						<line hits="0" number="1547"/>
						<line hits="1" number="1549"/>
						<line hits="0" number="1553"/>
						<line branch="true" condition-coverage="0% (0/2)" hits="0" missing-branches="1555,1557" number="1554"/>
						<line hits="0" number="1555"/>
						<line hits="0" number="1557"/>
						<line hits="0" number="1558"/>
						<line hits="1" number="1560"/>
						<line hits="0" number="1564"/>
						<line branch="true" condition-coverage="0% (0/2)" hits="0" missing-branches="1566,1568" number="1565"/>
						<line hits="0" number="1566"/>
						<line hits="0" number="1568"/>
						<line hits="0" number="1569"/>
						<line hits="1" number="1571"/>
						<line hits="1" number="1573"/>
						<line hits="0" number="1579"/>
						<line branch="true" condition-coverage="0% (0/2)" hits="0" missing-branches="1581,1584" number="1580"/>
						<line hits="0" number="1581"/>
						<line hits="0" number="1584"/>
						<line branch="true" condition-coverage="0% (0/2)" hits="0" missing-branches="exit,1587" number="1586"/>
						<line branch="true" condition-coverage="0% (0/2)" hits="0" missing-branches="1586,1588" number="1587"/>
						<line hits="0" number="1588"/>
						<line hits="1" number="1590"/>
						<line hits="1" number="1592"/>
						<line hits="0" number="1598"/>
						<line branch="true" condition-coverage="0% (0/2)" hits="0" missing-branches="1600,1603" number="1599"/>
						<line hits="0" number="1600"/>
						<line hits="0" number="1603"/>
						<line branch="true" condition-coverage="0% (0/2)" hits="0" missing-branches="exit,1606" number="1605"/>
						<line branch="true" condition-coverage="0% (0/2)" hits="0" missing-branches="1605,1607" number="1606"/>
						<line hits="0" number="1607"/>
						<line hits="1" number="1609"/>
						<line hits="1" number="1611"/>
						<line hits="0" number="1617"/>
						<line branch="true" condition-coverage="0% (0/2)" hits="0" missing-branches="1619,1622" number="1618"/>
						<line hits="0" number="1619"/>
						<line hits="0" number="1622"/>
						<line branch="true" condition-coverage="0% (0/2)" hits="0" missing-branches="exit,1625" number="1624"/>
						<line branch="true" condition-coverage="0% (0/2)" hits="0" missing-branches="1624,1626" number="1625"/>
						<line hits="0" number="1626"/>
						<line hits="1" number="1628"/>
						<line hits="1" number="1630"/>
						<line hits="0" number="1636"/>
						<line branch="true" condition-coverage="0% (0/2)" hits="0" missing-branches="1638,1641" number="1637"/>
						<line hits="0" number="1638"/>
						<line hits="0" number="1641"/>
						<line branch="true" condition-coverage="0% (0/2)" hits="0" missing-branches="exit,1644" number="1643"/>
						<line branch="true" condition-coverage="0% (0/2)" hits="0" missing-branches="1643,1645" number="1644"/>
						<line hits="0" number="1645"/>
						<line hits="1" number="1647"/>
						<line hits="0" number="1651"/>
						<line branch="true" condition-coverage="0% (0/2)" hits="0" missing-branches="1653,1655" number="1652"/>
						<line hits="0" number="1653"/>
						<line hits="0" number="1655"/>
						<line hits="0" number="1656"/>
						<line hits="1" number="1658"/>
						<line hits="0" number="1662"/>
						<line branch="true" condition-coverage="0% (0/2)" hits="0" missing-branches="1664,1666" number="1663"/>
						<line hits="0" number="1664"/>
						<line hits="0" number="1666"/>
						<line hits="0" number="1667"/>
						<line hits="1" number="1669"/>
						<line hits="1" number="1670"/>
						<line hits="0" number="1677"/>
						<line branch="true" condition-coverage="0% (0/2)" hits="0" missing-branches="1679,1682" number="1678"/>
						<line hits="0" number="1679"/>
						<line hits="0" number="1680"/>
						<line hits="0" number="1682"/>
						<line branch="true" condition-coverage="0% (0/2)" hits="0" missing-branches="1684,1687" number="1683"/>
						<line hits="0" number="1684"/>
						<line hits="0" number="1685"/>
						<line hits="0" number="1687"/>
						<line hits="0" number="1688"/>
						<line hits="0" number="1689"/>
						<line hits="0" number="1690"/>
						<line hits="0" number="1691"/>
						<line branch="true" condition-coverage="0% (0/2)" hits="0" missing-branches="exit,1694" number="1693"/>
						<line hits="0" number="1694"/>
						<line hits="1" number="1696"/>
						<line hits="0" number="1700"/>
						<line hits="0" number="1701"/>
						<line hits="0" number="1702"/>
						<line hits="0" number="1704"/>
						<line hits="1" number="1706"/>
						<line hits="0" number="1710"/>
						<line hits="1" number="1712"/>
						<line hits="1" number="1714"/>
						<line hits="1" number="1724"/>
						<line branch="true" condition-coverage="100% (2/2)" hits="1" number="1725"/>
						<line hits="1" number="1726"/>
						<line hits="1" number="1728"/>
						<line branch="true" condition-coverage="100% (2/2)" hits="1" number="1729"/>
						<line hits="1" number="1730"/>
						<line hits="1" number="1732"/>
						<line hits="1" number="1734"/>
						<line hits="1" number="1741"/>
						<line hits="1" number="1742"/>
						<line branch="true" condition-coverage="100% (2/2)" hits="1" number="1744"/>
						<line hits="1" number="1745"/>
						<line branch="true" condition-coverage="100% (2/2)" hits="1" number="1747"/>
						<line hits="1" number="1752"/>
						<line hits="1" number="1756"/>
						<line branch="true" condition-coverage="100% (2/2)" hits="1" number="1757"/>
						<line hits="1" number="1758"/>
						<line hits="1" number="1760"/>
						<line hits="1" number="1762"/>
						<line hits="1" number="1763"/>
						<line hits="1" number="1774"/>
						<line hits="1" number="1775"/>
						<line hits="1" number="1776"/>
						<line hits="1" number="1777"/>
						<line branch="true" condition-coverage="100% (2/2)" hits="1" number="1779"/>
						<line hits="1" number="1780"/>
						<line hits="1" number="1782"/>
						<line branch="true" condition-coverage="100% (2/2)" hits="1" number="1785"/>
						<line hits="1" number="1786"/>
						<line branch="true" condition-coverage="50% (1/2)" hits="1" missing-branches="1788" number="1787"/>
						<line hits="0" number="1788"/>
						<line hits="1" number="1790"/>
						<line hits="1" number="1791"/>
						<line hits="1" number="1793"/>
						<line hits="1" number="1794"/>
						<line hits="1" number="1796"/>
						<line hits="1" number="1797"/>
					</lines>
				</class>
				<class branch-rate="1" complexity="0" filename="qutebrowser/browser/cookies.py" line-rate="1" name="cookies.py">
					<methods/>
					<lines>
						<line hits="1" number="20"/>
						<line hits="1" number="22"/>
						<line hits="1" number="23"/>
						<line hits="1" number="25"/>
						<line hits="1" number="26"/>
						<line hits="1" number="27"/>
						<line hits="1" number="30"/>
						<line hits="1" number="38"/>
						<line hits="1" number="40"/>
						<line hits="1" number="41"/>
						<line hits="1" number="46"/>
						<line branch="true" condition-coverage="100% (2/2)" hits="1" number="56"/>
						<line hits="1" number="57"/>
						<line hits="1" number="59"/>
						<line hits="1" number="60"/>
						<line hits="1" number="63"/>
						<line hits="1" number="71"/>
						<line hits="1" number="72"/>
						<line branch="true" condition-coverage="100% (2/2)" hits="1" number="74"/>
						<line hits="1" number="75"/>
						<line hits="1" number="77"/>
						<line hits="1" number="79"/>
						<line hits="1" number="80"/>
						<line hits="1" number="81"/>
						<line hits="1" number="85"/>
						<line hits="1" number="87"/>
						<line branch="true" condition-coverage="100% (2/2)" hits="1" number="88"/>
						<line hits="1" number="89"/>
						<line hits="1" number="90"/>
						<line hits="1" number="92"/>
						<line hits="1" number="96"/>
						<line branch="true" condition-coverage="100% (2/2)" hits="1" number="97"/>
						<line hits="1" number="99"/>
						<line hits="1" number="101"/>
						<line hits="1" number="103"/>
						<line hits="1" number="104"/>
						<line branch="true" condition-coverage="100% (2/2)" hits="1" number="105"/>
						<line branch="true" condition-coverage="100% (2/2)" hits="1" number="106"/>
						<line hits="1" number="107"/>
						<line hits="1" number="108"/>
						<line hits="1" number="109"/>
						<line hits="1" number="111"/>
						<line branch="true" condition-coverage="100% (2/2)" hits="1" number="114"/>
						<line hits="1" number="115"/>
						<line hits="1" number="116"/>
						<line hits="1" number="117"/>
					</lines>
				</class>
				<class branch-rate="0.5837" complexity="0" filename="qutebrowser/browser/downloads.py" line-rate="0.7598" name="downloads.py">
					<methods/>
					<lines>
[...]
						<line hits="1" number="324"/>
						<line hits="1" number="325"/>
						<line hits="1" number="326"/>
						<line hits="1" number="327"/>
						<line hits="1" number="333"/>
						<line hits="1" number="336"/>
						<line hits="1" number="338"/>
						<line branch="true" condition-coverage="100% (2/2)" hits="1" number="341"/>
						<line hits="1" number="342"/>
						<line hits="1" number="343"/>
						<line hits="1" number="345"/>
						<line hits="1" number="348"/>
						<line branch="true" condition-coverage="100% (2/2)" hits="1" number="349"/>
						<line branch="true" condition-coverage="100% (2/2)" hits="1" number="350"/>
						<line hits="1" number="351"/>
						<line hits="1" number="353"/>
						<line hits="1" number="354"/>
						<line hits="1" number="356"/>
						<line hits="1" number="359"/>
						<line hits="1" number="360"/>
						<line hits="1" number="362"/>
						<line hits="1" number="365"/>
						<line hits="1" number="366"/>
						<line hits="1" number="367"/>
						<line hits="1" number="368"/>
						<line hits="1" number="369"/>
						<line hits="1" number="373"/>
						<line hits="1" number="376"/>
						<line hits="1" number="384"/>
						<line hits="1" number="385"/>
						<line branch="true" condition-coverage="100% (2/2)" hits="1" number="386"/>
						<line hits="1" number="387"/>
						<line hits="1" number="389"/>
						<line hits="1" number="390"/>
						<line hits="1" number="395"/>
						<line hits="1" number="397"/>
						<line hits="1" number="398"/>
						<line hits="1" number="400"/>
						<line branch="true" condition-coverage="100% (2/2)" hits="1" number="402"/>
						<line hits="1" number="403"/>
						<line hits="1" number="404"/>
						<line hits="1" number="406"/>
					</lines>
				</class>
				<class branch-rate="0.9919" complexity="0" filename="qutebrowser/utils/utils.py" line-rate="0.9967" name="utils.py">
					<methods/>
					<lines>
						<line hits="1" number="20"/>
						<line hits="1" number="22"/>
						<line hits="1" number="23"/>
						<line hits="1" number="24"/>
						<line hits="1" number="25"/>
						<line hits="1" number="26"/>
						<line hits="1" number="27"/>
						<line hits="1" number="28"/>
						<line hits="1" number="29"/>
						<line hits="1" number="31"/>
						<line hits="1" number="32"/>
						<line hits="1" number="33"/>
						<line hits="1" number="35"/>
						<line hits="1" number="36"/>
						<line hits="1" number="39"/>
						<line branch="true" condition-coverage="100% (2/2)" hits="1" number="41"/>
						<line hits="1" number="42"/>
						<line branch="true" condition-coverage="100% (2/2)" hits="1" number="43"/>
						<line hits="1" number="44"/>
						<line hits="1" number="46"/>
						<line hits="1" number="49"/>
						<line hits="1" number="56"/>
						<line branch="true" condition-coverage="100% (2/2)" hits="1" number="57"/>
						<line hits="1" number="58"/>
						<line hits="1" number="59"/>
						<line branch="true" condition-coverage="100% (2/2)" hits="1" number="60"/>
						<line hits="1" number="61"/>
						<line hits="1" number="62"/>
						<line hits="1" number="65"/>
						<line branch="true" condition-coverage="100% (2/2)" hits="1" number="76"/>
						<line hits="1" number="78"/>
						<line branch="true" condition-coverage="100% (2/2)" hits="1" number="79"/>
						<line hits="1" number="80"/>
						<line hits="1" number="81"/>
						<line hits="1" number="83"/>
						<line hits="1" number="84"/>
						<line hits="1" number="86"/>
						<line branch="true" condition-coverage="100% (2/2)" hits="1" number="87"/>
						<line hits="1" number="88"/>
						<line hits="1" number="89"/>
						<line hits="1" number="92"/>
						<line branch="true" condition-coverage="100% (2/2)" hits="1" number="101"/>
						<line hits="1" number="102"/>
						<line hits="1" number="103"/>
						<line hits="1" number="106"/>
						<line branch="true" condition-coverage="100% (2/2)" hits="1" number="110"/>
						<line hits="1" number="111"/>
						<line branch="true" condition-coverage="100% (2/2)" hits="1" number="113"/>
						<line hits="1" number="114"/>
						<line hits="1" number="116"/>
						<line branch="true" condition-coverage="100% (2/2)" hits="1" number="117"/>
						<line hits="1" number="118"/>
						<line hits="1" number="121"/>
						<line hits="1" number="122"/>
						<line branch="true" condition-coverage="100% (3/3)" hits="1" number="124"/>
						<line branch="true" condition-coverage="100% (2/2)" hits="1" number="125"/>
						<line branch="true" condition-coverage="100% (2/2)" hits="1" number="126"/>
						<line hits="1" number="127"/>
						<line hits="1" number="128"/>
						<line branch="true" condition-coverage="100% (2/2)" hits="1" number="132"/>
						<line hits="1" number="133"/>
						<line hits="1" number="134"/>
						<line hits="1" number="137"/>
						<line branch="true" condition-coverage="100% (2/2)" hits="1" number="150"/>
						<line hits="1" number="151"/>
						<line hits="1" number="152"/>
						<line hits="1" number="153"/>
						<line hits="1" number="154"/>
						<line hits="1" number="155"/>
						<line hits="1" number="158"/>
						<line hits="1" number="172"/>
						<line hits="1" number="173"/>
						<line branch="true" condition-coverage="100% (2/2)" hits="1" number="175"/>
						<line branch="true" condition-coverage="100% (2/2)" hits="1" number="176"/>
						<line hits="1" number="177"/>
						<line hits="1" number="179"/>
						<line hits="1" number="181"/>
						<line branch="true" condition-coverage="100% (2/2)" hits="1" number="182"/>
						<line hits="1" number="183"/>
						<line hits="1" number="184"/>
						<line hits="1" number="185"/>
						<line hits="1" number="187"/>
						<line branch="true" condition-coverage="100% (2/2)" hits="1" number="188"/>
						<line hits="1" number="189"/>
						<line hits="1" number="190"/>
						<line hits="1" number="191"/>
						<line hits="1" number="193"/>
						<line branch="true" condition-coverage="100% (2/2)" hits="1" number="194"/>
						<line hits="1" number="195"/>
						<line hits="1" number="196"/>
						<line hits="1" number="197"/>
						<line hits="1" number="199"/>
						<line hits="1" number="201"/>
						<line hits="1" number="202"/>
						<line hits="1" number="203"/>
						<line hits="1" number="204"/>
						<line hits="1" number="207"/>
						<line hits="1" number="209"/>
						<line hits="1" number="210"/>
						<line hits="1" number="211"/>
						<line hits="1" number="212"/>
						<line branch="true" condition-coverage="100% (2/2)" hits="1" number="213"/>
						<line hits="1" number="214"/>
						<line hits="1" number="215"/>
						<line hits="1" number="217"/>
						<line hits="1" number="218"/>
						<line hits="1" number="219"/>
						<line hits="1" number="220"/>
						<line hits="1" number="223"/>
						<line hits="1" number="225"/>
						<line hits="1" number="226"/>
						<line hits="1" number="227"/>
						<line hits="1" number="228"/>
						<line branch="true" condition-coverage="100% (2/2)" hits="1" number="229"/>
						<line hits="1" number="230"/>
						<line branch="true" condition-coverage="100% (2/2)" hits="1" number="231"/>
						<line hits="1" number="232"/>
						<line branch="true" condition-coverage="100% (2/2)" hits="1" number="233"/>
						<line hits="1" number="234"/>
						<line hits="1" number="235"/>
						<line hits="1" number="238"/>
						<line hits="1" number="243"/>
						<line branch="true" condition-coverage="100% (2/2)" hits="1" number="244"/>
						<line hits="1" number="245"/>
						<line branch="true" condition-coverage="100% (2/2)" hits="1" number="246"/>
						<line branch="true" condition-coverage="100% (2/2)" hits="1" number="247"/>
						<line hits="1" number="248"/>
						<line hits="1" number="249"/>
						<line hits="1" number="250"/>
						<line hits="1" number="253"/>
						<line hits="1" number="262"/>
						<line hits="1" number="328"/>
						<line branch="true" condition-coverage="100% (2/2)" hits="1" number="329"/>
						<line hits="1" number="330"/>
						<line hits="1" number="331"/>
						<line hits="1" number="332"/>
						<line hits="1" number="333"/>
						<line hits="1" number="336"/>
						<line hits="1" number="337"/>
						<line hits="1" number="338"/>
						<line hits="1" number="339"/>
						<line hits="1" number="340"/>
						<line branch="true" condition-coverage="100% (2/2)" hits="1" number="344"/>
						<line hits="1" number="345"/>
						<line hits="1" number="347"/>
						<line hits="1" number="350"/>
						<line branch="true" condition-coverage="50% (1/2)" hits="1" missing-branches="372" number="360"/>
						<line hits="1" number="365"/>
						<line hits="0" number="372"/>
						<line hits="1" number="378"/>
						<line branch="true" condition-coverage="100% (2/2)" hits="1" number="382"/>
						<line hits="1" number="384"/>
						<line hits="1" number="385"/>
						<line hits="1" number="386"/>
						<line branch="true" condition-coverage="100% (2/2)" hits="1" number="387"/>
						<line branch="true" condition-coverage="100% (2/2)" hits="1" number="388"/>
						<line hits="1" number="389"/>
						<line hits="1" number="390"/>
						<line hits="1" number="391"/>
						<line hits="1" number="394"/>
						<line hits="1" number="404"/>
						<line hits="1" number="405"/>
						<line hits="1" number="406"/>
						<line hits="1" number="407"/>
						<line hits="1" number="420"/>
						<line hits="1" number="421"/>
						<line hits="1" number="425"/>
						<line hits="1" number="429"/>
						<line hits="1" number="430"/>
						<line hits="1" number="433"/>
						<line branch="true" condition-coverage="100% (2/2)" hits="1" number="435"/>
						<line hits="1" number="437"/>
						<line branch="true" condition-coverage="100% (2/2)" hits="1" number="438"/>
						<line hits="1" number="440"/>
						<line hits="1" number="442"/>
						<line hits="1" number="445"/>
						<line branch="true" condition-coverage="100% (2/2)" hits="1" number="446"/>
						<line hits="1" number="447"/>
						<line hits="1" number="449"/>
						<line branch="true" condition-coverage="100% (2/2)" hits="1" number="451"/>
						<line hits="1" number="452"/>
						<line hits="1" number="454"/>
						<line hits="1" number="457"/>
						<line hits="1" number="459"/>
						<line hits="1" number="460"/>
						<line branch="true" condition-coverage="100% (2/2)" hits="1" number="462"/>
						<line hits="1" number="463"/>
						<line hits="1" number="465"/>
						<line hits="1" number="466"/>
						<line hits="1" number="467"/>
						<line branch="true" condition-coverage="100% (2/2)" hits="1" number="470"/>
						<line hits="1" number="471"/>
						<line branch="true" condition-coverage="100% (2/2)" hits="1" number="472"/>
						<line hits="1" number="473"/>
						<line hits="1" number="475"/>
						<line hits="1" number="477"/>
						<line hits="1" number="480"/>
						<line branch="true" condition-coverage="100% (2/2)" hits="1" number="482"/>
						<line hits="1" number="483"/>
						<line branch="true" condition-coverage="100% (2/2)" hits="1" number="485"/>
						<line hits="1" number="488"/>
						<line hits="1" number="497"/>
						<line hits="1" number="498"/>
						<line branch="true" condition-coverage="100% (2/2)" hits="1" number="504"/>
						<line hits="1" number="505"/>
						<line branch="true" condition-coverage="100% (2/2)" hits="1" number="506"/>
						<line hits="1" number="507"/>
						<line hits="1" number="508"/>
						<line hits="1" number="511"/>
						<line hits="1" number="515"/>
						<line hits="1" number="516"/>
						<line hits="1" number="517"/>
						<line hits="1" number="519"/>
						<line hits="1" number="521"/>
						<line hits="1" number="523"/>
						<line hits="1" number="525"/>
						<line hits="1" number="528"/>
						<line hits="1" number="535"/>
						<line hits="1" number="536"/>
						<line hits="1" number="537"/>
						<line hits="1" number="538"/>
						<line hits="1" number="539"/>
						<line hits="1" number="540"/>
						<line hits="1" number="541"/>
						<line hits="1" number="542"/>
						<line branch="true" condition-coverage="100% (2/2)" hits="1" number="546"/>
						<line hits="1" number="547"/>
						<line branch="true" condition-coverage="100% (2/2)" hits="1" number="548"/>
						<line hits="1" number="549"/>
						<line hits="1" number="552"/>
						<line hits="1" number="555"/>
						<line hits="1" number="556"/>
						<line hits="1" number="557"/>
						<line hits="1" number="558"/>
						<line branch="true" condition-coverage="100% (2/2)" hits="1" number="562"/>
						<line hits="1" number="563"/>
						<line hits="1" number="566"/>
						<line hits="1" number="586"/>
						<line hits="1" number="594"/>
						<line hits="1" number="595"/>
						<line hits="1" number="597"/>
						<line branch="true" condition-coverage="100% (2/2)" hits="1" number="606"/>
						<line hits="1" number="607"/>
						<line hits="1" number="609"/>
						<line hits="1" number="611"/>
						<line hits="1" number="613"/>
						<line hits="1" number="614"/>
						<line hits="1" number="615"/>
						<line hits="1" number="616"/>
						<line hits="1" number="617"/>
						<line hits="1" number="619"/>
						<line hits="1" number="622"/>
						<line hits="1" number="624"/>
						<line hits="1" number="625"/>
						<line hits="1" number="626"/>
						<line hits="1" number="627"/>
						<line hits="1" number="630"/>
						<line hits="1" number="639"/>
						<line hits="1" number="640"/>
						<line hits="1" number="641"/>
						<line branch="true" condition-coverage="100% (2/2)" hits="1" number="642"/>
						<line hits="1" number="643"/>
						<line branch="true" condition-coverage="100% (2/2)" hits="1" number="644"/>
						<line hits="1" number="645"/>
						<line branch="true" condition-coverage="100% (2/2)" hits="1" number="647"/>
						<line hits="1" number="648"/>
						<line hits="1" number="650"/>
						<line hits="1" number="653"/>
						<line branch="true" condition-coverage="100% (2/2)" hits="1" number="665"/>
						<line hits="1" number="666"/>
						<line branch="true" condition-coverage="100% (2/2)" hits="1" number="668"/>
						<line hits="1" number="669"/>
						<line hits="1" number="671"/>
						<line branch="true" condition-coverage="100% (2/2)" hits="1" number="673"/>
						<line hits="1" number="674"/>
						<line branch="true" condition-coverage="100% (2/2)" hits="1" number="675"/>
						<line hits="1" number="676"/>
						<line hits="1" number="678"/>
						<line hits="1" number="681"/>
						<line hits="1" number="692"/>
						<line hits="1" number="693"/>
						<line hits="1" number="694"/>
						<line hits="1" number="695"/>
						<line hits="1" number="697"/>
						<line hits="1" number="700"/>
						<line hits="1" number="705"/>
						<line hits="1" number="708"/>
						<line branch="true" condition-coverage="100% (2/2)" hits="1" number="718"/>
						<line hits="1" number="719"/>
						<line hits="1" number="723"/>
						<line branch="true" condition-coverage="100% (2/2)" hits="1" number="724"/>
						<line hits="1" number="725"/>
						<line hits="1" number="726"/>
						<line hits="1" number="729"/>
						<line branch="true" condition-coverage="100% (2/2)" hits="1" number="738"/>
						<line hits="1" number="739"/>
						<line branch="true" condition-coverage="100% (2/2)" hits="1" number="740"/>
						<line hits="1" number="741"/>
						<line branch="true" condition-coverage="100% (2/2)" hits="1" number="742"/>
						<line hits="1" number="743"/>
						<line hits="1" number="745"/>
					</lines>
				</class>
				<class branch-rate="1" complexity="0" filename="qutebrowser/utils/version.py" line-rate="1" name="version.py">
					<methods/>
					<lines>
						<line hits="1" number="20"/>
						<line hits="1" number="22"/>
						<line hits="1" number="23"/>
						<line hits="1" number="24"/>
						<line hits="1" number="25"/>
						<line hits="1" number="26"/>
						<line hits="1" number="27"/>
						<line hits="1" number="28"/>
						<line hits="1" number="30"/>
						<line hits="1" number="31"/>
						<line hits="1" number="32"/>
						<line hits="1" number="33"/>
						<line hits="1" number="35"/>
						<line hits="1" number="36"/>
						<line hits="1" number="39"/>
						<line hits="1" number="56"/>
						<line hits="1" number="64"/>
						<line branch="true" condition-coverage="100% (2/2)" hits="1" number="65"/>
						<line hits="1" number="66"/>
						<line hits="1" number="67"/>
						<line hits="1" number="69"/>
						<line hits="1" number="70"/>
						<line hits="1" number="72"/>
						<line branch="true" condition-coverage="100% (2/2)" hits="1" number="73"/>
						<line hits="1" number="74"/>
						<line hits="1" number="76"/>
						<line hits="1" number="77"/>
						<line hits="1" number="78"/>
						<line hits="1" number="79"/>
						<line hits="1" number="82"/>
						<line branch="true" condition-coverage="100% (2/2)" hits="1" number="91"/>
						<line hits="1" number="92"/>
						<line hits="1" number="93"/>
						<line hits="1" number="94"/>
						<line hits="1" number="97"/>
						<line hits="1" number="100"/>
						<line hits="1" number="101"/>
						<line hits="1" number="102"/>
						<line hits="1" number="105"/>
						<line hits="1" number="111"/>
						<line branch="true" condition-coverage="100% (2/2)" hits="1" number="112"/>
						<line hits="1" number="113"/>
						<line hits="1" number="114"/>
						<line branch="true" condition-coverage="100% (2/2)" hits="1" number="115"/>
						<line hits="1" number="116"/>
						<line hits="1" number="117"/>
						<line hits="1" number="118"/>
						<line hits="1" number="121"/>
						<line hits="1" number="127"/>
						<line hits="1" number="128"/>
						<line branch="true" condition-coverage="100% (2/2)" hits="1" number="138"/>
						<line hits="1" number="139"/>
						<line hits="1" number="140"/>
						<line hits="1" number="141"/>
						<line hits="1" number="142"/>
						<line branch="true" condition-coverage="100% (2/2)" hits="1" number="144"/>
						<line hits="1" number="145"/>
						<line hits="1" number="146"/>
						<line hits="1" number="147"/>
						<line hits="1" number="148"/>
						<line hits="1" number="150"/>
						<line hits="1" number="152"/>
						<line hits="1" number="153"/>
						<line hits="1" number="154"/>
						<line hits="1" number="157"/>
						<line hits="1" number="163"/>
						<line hits="1" number="164"/>
						<line branch="true" condition-coverage="100% (2/2)" hits="1" number="165"/>
						<line hits="1" number="166"/>
						<line hits="1" number="167"/>
						<line branch="true" condition-coverage="100% (2/2)" hits="1" number="168"/>
						<line hits="1" number="169"/>
						<line branch="true" condition-coverage="100% (2/2)" hits="1" number="170"/>
						<line hits="1" number="173"/>
						<line branch="true" condition-coverage="100% (3/3)" hits="1" number="174"/>
						<line hits="1" number="175"/>
						<line hits="1" number="177"/>
						<line branch="true" condition-coverage="100% (2/2)" hits="1" number="178"/>
						<line hits="1" number="180"/>
						<line hits="1" number="181"/>
						<line branch="true" condition-coverage="100% (2/2)" hits="1" number="182"/>
						<line branch="true" condition-coverage="100% (2/2)" hits="1" number="183"/>
						<line hits="1" number="184"/>
						<line hits="1" number="185"/>
						<line hits="1" number="188"/>
						<line hits="1" number="194"/>
						<line hits="1" number="195"/>
						<line branch="true" condition-coverage="100% (2/2)" hits="1" number="196"/>
						<line hits="1" number="197"/>
						<line hits="1" number="198"/>
						<line branch="true" condition-coverage="100% (2/2)" hits="1" number="206"/>
						<line hits="1" number="207"/>
						<line hits="1" number="208"/>
						<line hits="1" number="213"/>
						<line hits="1" number="215"/>
						<line hits="1" number="224"/>
						<line hits="1" number="225"/>
					</lines>
				</class>
			</classes>
		</package>
	</packages>
</coverage>
